Starting Log 1
Time is 15.646815
Commanded RC Throttle is 1078.000000
Error z is 749.429950
Time is 15.664642
Commanded RC Throttle is 1078.000000
Error z is 746.985363
Time is 15.683528
Commanded RC Throttle is 1078.000000
Error z is 750.652241
Time is 15.700523
Commanded RC Throttle is 1078.000000
Error z is 748.207658
Time is 15.717733
Commanded RC Throttle is 1078.000000
Error z is 751.874535
Time is 15.737494
Commanded RC Throttle is 1078.000000
Error z is 749.429950
Time is 15.756069
Commanded RC Throttle is 1078.000000
Error z is 746.985363
Time is 15.772881
Commanded RC Throttle is 1078.000000
Error z is 749.429948
Time is 15.790215
Commanded RC Throttle is 1078.000000
Error z is 751.874535
Time is 15.809301
Commanded RC Throttle is 1078.000000
Error z is 748.207658
Time is 15.826467
Commanded RC Throttle is 1078.000000
Error z is 749.429950
Time is 15.845530
Commanded RC Throttle is 1078.000000
Error z is 746.985363
Time is 15.864713
Commanded RC Throttle is 1078.000000
Error z is 750.652241
Time is 15.885746
Commanded RC Throttle is 1078.000000
Error z is 750.652243
Time is 15.903531
Commanded RC Throttle is 1078.000000
Error z is 750.652243
Time is 15.922240
Commanded RC Throttle is 1078.000000
Error z is 749.429950
Time is 15.938944
Commanded RC Throttle is 1078.000000
Error z is 748.207658
Time is 15.956026
Commanded RC Throttle is 1078.000000
Error z is 749.429950
Time is 15.973842
Commanded RC Throttle is 1078.000000
Error z is 751.874535
Time is 15.992115
Commanded RC Throttle is 1078.000000
Error z is 748.207658
Time is 16.009054
Commanded RC Throttle is 1078.000000
Error z is 751.874535
Time is 16.026171
Commanded RC Throttle is 1078.000000
Error z is 750.652243
Time is 16.044633
Commanded RC Throttle is 1078.000000
Error z is 749.429950
Time is 16.061403
Commanded RC Throttle is 1078.000000
Error z is 745.763069
Time is 16.078641
Commanded RC Throttle is 1078.000000
Error z is 751.874533
Time is 16.096925
Commanded RC Throttle is 1605.000000
Error z is 749.429950
Time is 16.118567
Commanded RC Throttle is 1605.000000
Error z is 746.985365
Time is 16.137520
Commanded RC Throttle is 1605.000000
Error z is 750.652243
Time is 16.154505
Commanded RC Throttle is 1605.000000
Error z is 753.096828
Time is 16.171352
Commanded RC Throttle is 1605.000000
Error z is 750.652243
Time is 16.191816
Commanded RC Throttle is 1605.000000
Error z is 749.429950
Time is 16.209148
Commanded RC Throttle is 1605.000000
Error z is 753.096828
Time is 16.226635
Commanded RC Throttle is 1605.000000
Error z is 751.874535
Time is 16.242305
Commanded RC Throttle is 1605.000000
Error z is 746.985363
Time is 16.258420
Commanded RC Throttle is 1605.000000
Error z is 750.652243
Time is 16.275423
Commanded RC Throttle is 1605.000000
Error z is 750.652243
Time is 16.292491
Commanded RC Throttle is 1605.000000
Error z is 746.985365
Time is 16.309048
Commanded RC Throttle is 1609.000000
Error z is 749.429950
Time is 16.328425
Commanded RC Throttle is 1609.000000
Error z is 750.652243
Time is 16.345898
Commanded RC Throttle is 1609.000000
Error z is 750.652243
Time is 16.361534
Commanded RC Throttle is 1609.000000
Error z is 750.652241
Time is 16.377489
Commanded RC Throttle is 1609.000000
Error z is 748.207658
Time is 16.394796
Commanded RC Throttle is 1609.000000
Error z is 748.207656
Time is 16.411576
Commanded RC Throttle is 1609.000000
Error z is 754.319120
Time is 16.427250
Commanded RC Throttle is 1609.000000
Error z is 749.429950
Time is 16.443372
Commanded RC Throttle is 1609.000000
Error z is 750.652243
Time is 16.460472
Commanded RC Throttle is 1609.000000
Error z is 750.652243
Time is 16.476044
Commanded RC Throttle is 1609.000000
Error z is 748.207658
Time is 16.491600
Commanded RC Throttle is 1609.000000
Error z is 749.429950
Time is 16.507685
Commanded RC Throttle is 1609.000000
Error z is 750.652243
Time is 16.527377
Commanded RC Throttle is 1602.000000
Error z is 751.874535
Time is 16.546417
Commanded RC Throttle is 1602.000000
Error z is 750.652243
Time is 16.562610
Commanded RC Throttle is 1602.000000
Error z is 751.874535
Time is 16.579813
Commanded RC Throttle is 1602.000000
Error z is 746.985365
Time is 16.595610
Commanded RC Throttle is 1602.000000
Error z is 748.207658
Time is 16.612213
Commanded RC Throttle is 1602.000000
Error z is 749.429948
Time is 16.628793
Commanded RC Throttle is 1602.000000
Error z is 751.874535
Time is 16.645948
Commanded RC Throttle is 1602.000000
Error z is 746.985365
Time is 16.661502
Commanded RC Throttle is 1602.000000
Error z is 749.429950
Time is 16.677909
Commanded RC Throttle is 1602.000000
Error z is 751.874533
Time is 16.694557
Commanded RC Throttle is 1602.000000
Error z is 749.429950
Time is 16.711680
Commanded RC Throttle is 1602.000000
Error z is 754.319120
Time is 16.727637
Commanded RC Throttle is 1602.000000
Error z is 749.429950
Time is 16.744069
Commanded RC Throttle is 1602.000000
Error z is 751.874535
Time is 16.764258
Commanded RC Throttle is 1607.000000
Error z is 753.096828
Time is 16.781858
Commanded RC Throttle is 1607.000000
Error z is 753.096828
Time is 16.798026
Commanded RC Throttle is 1607.000000
Error z is 749.429948
Time is 16.815471
Commanded RC Throttle is 1607.000000
Error z is 751.874535
Time is 16.834093
Commanded RC Throttle is 1607.000000
Error z is 749.429950
Time is 16.849817
Commanded RC Throttle is 1607.000000
Error z is 748.207656
Time is 16.866697
Commanded RC Throttle is 1607.000000
Error z is 746.985365
Time is 16.884108
Commanded RC Throttle is 1607.000000
Error z is 750.652241
Time is 16.899799
Commanded RC Throttle is 1607.000000
Error z is 750.652243
Time is 16.915677
Commanded RC Throttle is 1607.000000
Error z is 750.652241
Time is 16.934169
Commanded RC Throttle is 1607.000000
Error z is 750.652241
Time is 16.951332
Commanded RC Throttle is 1607.000000
Error z is 751.874535
Time is 16.967285
Commanded RC Throttle is 1607.000000
Error z is 749.429950
Time is 16.986760
Commanded RC Throttle is 1607.000000
Error z is 751.874533
Time is 17.004041
Commanded RC Throttle is 1607.000000
Error z is 754.319120
Time is 17.019719
Commanded RC Throttle is 1607.000000
Error z is 751.874535
Time is 17.035588
Commanded RC Throttle is 1607.000000
Error z is 746.985363
Time is 17.052202
Commanded RC Throttle is 1607.000000
Error z is 750.652243
Time is 17.069171
Commanded RC Throttle is 1607.000000
Error z is 749.429948
Time is 17.084826
Commanded RC Throttle is 1607.000000
Error z is 750.652243
Time is 17.100785
Commanded RC Throttle is 1607.000000
Error z is 751.874535
Time is 17.118098
Commanded RC Throttle is 1607.000000
Error z is 756.763705
Time is 17.134133
Commanded RC Throttle is 1607.000000
Error z is 746.985363
Time is 17.150293
Commanded RC Throttle is 1607.000000
Error z is 749.429950
Time is 17.166595
Commanded RC Throttle is 1607.000000
Error z is 749.429950
Time is 17.184268
Commanded RC Throttle is 1608.000000
Error z is 748.207656
Time is 17.203445
Commanded RC Throttle is 1608.000000
Error z is 754.319120
Time is 17.219345
Commanded RC Throttle is 1608.000000
Error z is 753.096828
Time is 17.236565
Commanded RC Throttle is 1608.000000
Error z is 745.763069
Time is 17.253300
Commanded RC Throttle is 1608.000000
Error z is 748.207658
Time is 17.269015
Commanded RC Throttle is 1608.000000
Error z is 750.652243
Time is 17.285063
Commanded RC Throttle is 1608.000000
Error z is 745.763069
Time is 17.302149
Commanded RC Throttle is 1608.000000
Error z is 748.207658
Time is 17.317752
Commanded RC Throttle is 1608.000000
Error z is 745.763071
Time is 17.333890
Commanded RC Throttle is 1608.000000
Error z is 750.652243
Time is 17.350422
Commanded RC Throttle is 1608.000000
Error z is 750.652241
Time is 17.367376
Commanded RC Throttle is 1608.000000
Error z is 750.652243
Time is 17.404022
Commanded RC Throttle is 1608.000000
Error z is 748.207656
Time is 17.424540
Commanded RC Throttle is 1609.000000
Error z is 749.429950
Time is 17.442579
Commanded RC Throttle is 1609.000000
Error z is 750.652243
Time is 17.458894
Commanded RC Throttle is 1609.000000
Error z is 745.763071
Time is 17.475931
Commanded RC Throttle is 1609.000000
Error z is 753.096828
Time is 17.492948
Commanded RC Throttle is 1609.000000
Error z is 751.874535
Time is 17.508732
Commanded RC Throttle is 1609.000000
Error z is 749.429950
Time is 17.524473
Commanded RC Throttle is 1609.000000
Error z is 745.763071
Time is 17.553527
Commanded RC Throttle is 1609.000000
Error z is 748.207656
Time is 17.569679
Commanded RC Throttle is 1609.000000
Error z is 745.763071
Time is 17.585655
Commanded RC Throttle is 1609.000000
Error z is 746.985365
Time is 17.602904
Commanded RC Throttle is 1609.000000
Error z is 749.429948
Time is 17.619035
Commanded RC Throttle is 1609.000000
Error z is 750.652243
Time is 17.637621
Commanded RC Throttle is 1605.000000
Error z is 748.207656
Time is 17.655255
Commanded RC Throttle is 1605.000000
Error z is 748.207656
Time is 17.672469
Commanded RC Throttle is 1605.000000
Error z is 753.096828
Time is 17.701349
Commanded RC Throttle is 1605.000000
Error z is 746.985365
Time is 17.718529
Commanded RC Throttle is 1605.000000
Error z is 751.874535
Time is 17.735702
Commanded RC Throttle is 1605.000000
Error z is 749.429950
Time is 17.751817
Commanded RC Throttle is 1605.000000
Error z is 750.652243
Time is 17.767816
Commanded RC Throttle is 1605.000000
Error z is 748.207656
Time is 17.785191
Commanded RC Throttle is 1605.000000
Error z is 753.096828
Time is 17.801042
Commanded RC Throttle is 1605.000000
Error z is 749.429950
Time is 17.817067
Commanded RC Throttle is 1605.000000
Error z is 749.429948
Time is 17.848078
Commanded RC Throttle is 1607.000000
Error z is 749.429950
Time is 17.867016
Commanded RC Throttle is 1607.000000
Error z is 745.763071
Time is 17.883313
Commanded RC Throttle is 1607.000000
Error z is 749.429950
Time is 17.900688
Commanded RC Throttle is 1607.000000
Error z is 750.652243
Time is 17.916374
Commanded RC Throttle is 1607.000000
Error z is 749.429950
Time is 17.931968
Commanded RC Throttle is 1607.000000
Error z is 748.207658
Time is 17.948484
Commanded RC Throttle is 1607.000000
Error z is 746.985365
Time is 17.978011
Commanded RC Throttle is 1607.000000
Error z is 751.874535
Time is 17.993673
Commanded RC Throttle is 1607.000000
Error z is 751.874535
Time is 18.009758
Commanded RC Throttle is 1607.000000
Error z is 753.096828
Time is 18.026820
Commanded RC Throttle is 1607.000000
Error z is 751.874535
Time is 18.042427
Commanded RC Throttle is 1607.000000
Error z is 749.429950
Time is 18.058524
Commanded RC Throttle is 1607.000000
Error z is 750.652243
Time is 18.075368
Commanded RC Throttle is 1606.000000
Error z is 749.429950
Time is 18.106953
Commanded RC Throttle is 1606.000000
Error z is 750.652243
Time is 18.123097
Commanded RC Throttle is 1606.000000
Error z is 750.652243
Time is 18.142485
Commanded RC Throttle is 1606.000000
Error z is 748.207658
Time is 18.158531
Commanded RC Throttle is 1606.000000
Error z is 748.207658
Time is 18.174194
Commanded RC Throttle is 1606.000000
Error z is 750.652243
Time is 18.190154
Commanded RC Throttle is 1606.000000
Error z is 748.207654
Time is 18.207319
Commanded RC Throttle is 1606.000000
Error z is 746.985363
Time is 18.227229
Commanded RC Throttle is 1606.000000
Error z is 749.429950
Time is 18.254780
Commanded RC Throttle is 1606.000000
Error z is 749.429950
Time is 18.271958
Commanded RC Throttle is 1606.000000
Error z is 749.429950
Time is 18.288087
Commanded RC Throttle is 1607.000000
Error z is 750.652243
Time is 18.307281
Commanded RC Throttle is 1607.000000
Error z is 745.763069
Time is 18.324533
Commanded RC Throttle is 1607.000000
Error z is 751.874535
Time is 18.340314
Commanded RC Throttle is 1607.000000
Error z is 750.652243
Time is 18.356305
Commanded RC Throttle is 1607.000000
Error z is 746.985363
Time is 18.385551
Commanded RC Throttle is 1607.000000
Error z is 749.429948
Time is 18.402736
Commanded RC Throttle is 1607.000000
Error z is 748.207658
Time is 18.418717
Commanded RC Throttle is 1607.000000
Error z is 743.318482
Time is 18.435638
Commanded RC Throttle is 1607.000000
Error z is 748.207658
Time is 18.452544
Commanded RC Throttle is 1607.000000
Error z is 748.207656
Time is 18.468473
Commanded RC Throttle is 1607.000000
Error z is 751.874535
Time is 18.484528
Commanded RC Throttle is 1607.000000
Error z is 751.874535
Time is 18.502382
Commanded RC Throttle is 1609.000000
Error z is 750.652243
Time is 18.521656
Commanded RC Throttle is 1609.000000
Error z is 750.652243
Time is 18.537643
Commanded RC Throttle is 1609.000000
Error z is 748.207658
Time is 18.554403
Commanded RC Throttle is 1609.000000
Error z is 750.652241
Time is 18.571598
Commanded RC Throttle is 1609.000000
Error z is 751.874535
Time is 18.599936
Commanded RC Throttle is 1609.000000
Error z is 748.207658
Time is 18.617386
Commanded RC Throttle is 1609.000000
Error z is 749.429950
Time is 18.633080
Commanded RC Throttle is 1609.000000
Error z is 750.652243
Time is 18.649193
Commanded RC Throttle is 1609.000000
Error z is 751.874531
Time is 18.665041
Commanded RC Throttle is 1609.000000
Error z is 781.209559
Time is 18.682258
Commanded RC Throttle is 1609.000000
Error z is 799.543958
Time is 18.698202
Commanded RC Throttle is 1609.000000
Error z is 799.543958
Time is 18.727314
Commanded RC Throttle is 1609.000000
Error z is 755.541412
Time is 18.747695
Commanded RC Throttle is 1611.000000
Error z is 750.652243
Time is 18.765984
Commanded RC Throttle is 1611.000000
Error z is 750.652243
Time is 18.782156
Commanded RC Throttle is 1611.000000
Error z is 750.652243
Time is 18.799295
Commanded RC Throttle is 1611.000000
Error z is 753.096828
Time is 18.815697
Commanded RC Throttle is 1611.000000
Error z is 750.652241
Time is 18.833923
Commanded RC Throttle is 1611.000000
Error z is 745.763069
Time is 18.850083
Commanded RC Throttle is 1611.000000
Error z is 748.207658
Time is 18.867666
Commanded RC Throttle is 1611.000000
Error z is 748.207658
Time is 18.883513
Commanded RC Throttle is 1611.000000
Error z is 750.652243
Time is 18.899542
Commanded RC Throttle is 1611.000000
Error z is 749.429950
Time is 18.916841
Commanded RC Throttle is 1611.000000
Error z is 748.207658
Time is 18.946531
Commanded RC Throttle is 1597.000000
Error z is 749.429950
Time is 18.965877
Commanded RC Throttle is 1597.000000
Error z is 749.429950
Time is 18.983167
Commanded RC Throttle is 1597.000000
Error z is 743.318482
Time is 18.998831
Commanded RC Throttle is 1597.000000
Error z is 749.429950
Time is 19.014386
Commanded RC Throttle is 1597.000000
Error z is 753.096828
Time is 19.030764
Commanded RC Throttle is 1597.000000
Error z is 746.985363
Time is 19.048151
Commanded RC Throttle is 1597.000000
Error z is 746.985363
Time is 19.076141
Commanded RC Throttle is 1597.000000
Error z is 744.540774
Time is 19.092714
Commanded RC Throttle is 1597.000000
Error z is 746.985363
Time is 19.109589
Commanded RC Throttle is 1597.000000
Error z is 750.652243
Time is 19.125246
Commanded RC Throttle is 1597.000000
Error z is 750.652241
Time is 19.141533
Commanded RC Throttle is 1597.000000
Error z is 748.207656
Time is 19.159053
Commanded RC Throttle is 1597.000000
Error z is 751.874535
Time is 19.176874
Commanded RC Throttle is 1605.000000
Error z is 750.652243
Time is 19.194308
Commanded RC Throttle is 1605.000000
Error z is 745.763069
Time is 19.222937
Commanded RC Throttle is 1605.000000
Error z is 749.429950
Time is 19.239771
Commanded RC Throttle is 1605.000000
Error z is 748.207658
Time is 19.255757
Commanded RC Throttle is 1605.000000
Error z is 753.096828
Time is 19.272552
Commanded RC Throttle is 1605.000000
Error z is 748.207658
Time is 19.289411
Commanded RC Throttle is 1605.000000
Error z is 750.652243
Time is 19.305013
Commanded RC Throttle is 1605.000000
Error z is 749.429946
Time is 19.321011
Commanded RC Throttle is 1605.000000
Error z is 748.207658
Time is 19.363503
Commanded RC Throttle is 1605.000000
Error z is 749.429950
Time is 19.392832
Commanded RC Throttle is 1608.000000
Error z is 764.097460
Time is 19.413175
Commanded RC Throttle is 1608.000000
Error z is 778.764970
Time is 19.429021
Commanded RC Throttle is 1608.000000
Error z is 789.765616
Time is 19.445166
Commanded RC Throttle is 1608.000000
Error z is 746.985363
Time is 19.462328
Commanded RC Throttle is 1608.000000
Error z is 746.985363
Time is 19.478037
Commanded RC Throttle is 1608.000000
Error z is 751.874535
Time is 19.494358
Commanded RC Throttle is 1608.000000
Error z is 766.542045
Time is 19.511248
Commanded RC Throttle is 1608.000000
Error z is 771.431215
Time is 19.528222
Commanded RC Throttle is 1608.000000
Error z is 772.653507
Time is 19.543792
Commanded RC Throttle is 1608.000000
Error z is 772.653507
Time is 19.559800
Commanded RC Throttle is 1608.000000
Error z is 772.653507
Time is 19.577117
Commanded RC Throttle is 1608.000000
Error z is 767.764337
Time is 19.593222
Commanded RC Throttle is 1608.000000
Error z is 750.652243
Time is 19.609344
Commanded RC Throttle is 1606.000000
Error z is 748.207658
Time is 19.628641
Commanded RC Throttle is 1606.000000
Error z is 749.429950
Time is 19.646293
Commanded RC Throttle is 1606.000000
Error z is 749.429950
Time is 19.663209
Commanded RC Throttle is 1606.000000
Error z is 751.874535
Time is 19.679606
Commanded RC Throttle is 1606.000000
Error z is 748.207656
Time is 19.696799
Commanded RC Throttle is 1606.000000
Error z is 749.429950
Time is 19.712323
Commanded RC Throttle is 1606.000000
Error z is 746.985363
Time is 19.727894
Commanded RC Throttle is 1606.000000
Error z is 733.540136
Time is 19.744048
Commanded RC Throttle is 1606.000000
Error z is 722.539497
Time is 19.761174
Commanded RC Throttle is 1606.000000
Error z is 722.539497
Time is 19.776809
Commanded RC Throttle is 1606.000000
Error z is 723.761790
Time is 19.792348
Commanded RC Throttle is 1606.000000
Error z is 724.984082
Time is 19.808297
Commanded RC Throttle is 1606.000000
Error z is 721.317205
Time is 19.827469
Commanded RC Throttle is 1588.000000
Error z is 724.984082
Time is 19.847887
Commanded RC Throttle is 1588.000000
Error z is 723.761790
Time is 19.864623
Commanded RC Throttle is 1588.000000
Error z is 723.761790
Time is 19.882200
Commanded RC Throttle is 1588.000000
Error z is 698.093639
Time is 19.898289
Commanded RC Throttle is 1588.000000
Error z is 698.093639
Time is 19.914059
Commanded RC Throttle is 1588.000000
Error z is 699.315934
Time is 19.929922
Commanded RC Throttle is 1588.000000
Error z is 700.538229
Time is 19.947285
Commanded RC Throttle is 1588.000000
Error z is 694.426756
Time is 19.963039
Commanded RC Throttle is 1588.000000
Error z is 698.093642
Time is 19.979126
Commanded RC Throttle is 1588.000000
Error z is 672.425473
Time is 19.996182
Commanded RC Throttle is 1588.000000
Error z is 672.425473
Time is 20.013110
Commanded RC Throttle is 1588.000000
Error z is 666.314013
Time is 20.028687
Commanded RC Throttle is 1588.000000
Error z is 666.314008
Time is 20.044946
Commanded RC Throttle is 1588.000000
Error z is 668.758597
Time is 20.064571
Commanded RC Throttle is 1601.000000
Error z is 667.536303
Time is 20.082125
Commanded RC Throttle is 1601.000000
Error z is 646.757329
Time is 20.098102
Commanded RC Throttle is 1601.000000
Error z is 647.979619
Time is 20.114971
Commanded RC Throttle is 1601.000000
Error z is 644.312748
Time is 20.131779
Commanded RC Throttle is 1601.000000
Error z is 645.535038
Time is 20.149558
Commanded RC Throttle is 1601.000000
Error z is 647.979619
Time is 20.165721
Commanded RC Throttle is 1601.000000
Error z is 634.534404
Time is 20.182961
Commanded RC Throttle is 1601.000000
Error z is 617.422297
Time is 20.198626
Commanded RC Throttle is 1601.000000
Error z is 617.422293
Time is 20.214684
Commanded RC Throttle is 1601.000000
Error z is 613.755413
Time is 20.231511
Commanded RC Throttle is 1601.000000
Error z is 613.755418
Time is 20.248772
Commanded RC Throttle is 1601.000000
Error z is 614.977708
Time is 20.264876
Commanded RC Throttle is 1597.000000
Error z is 599.087908
Time is 20.284261
Commanded RC Throttle is 1597.000000
Error z is 592.976443
Time is 20.301565
Commanded RC Throttle is 1597.000000
Error z is 594.198734
Time is 20.317160
Commanded RC Throttle is 1597.000000
Error z is 577.086639
Time is 20.332861
Commanded RC Throttle is 1597.000000
Error z is 570.975175
Time is 20.348788
Commanded RC Throttle is 1597.000000
Error z is 567.308291
Time is 20.366289
Commanded RC Throttle is 1597.000000
Error z is 567.308291
Time is 20.382640
Commanded RC Throttle is 1597.000000
Error z is 568.530586
Time is 20.398734
Commanded RC Throttle is 1597.000000
Error z is 566.085997
Time is 20.416216
Commanded RC Throttle is 1597.000000
Error z is 540.417844
Time is 20.433035
Commanded RC Throttle is 1597.000000
Error z is 536.750965
Time is 20.448673
Commanded RC Throttle is 1597.000000
Error z is 540.417849
Time is 20.464669
Commanded RC Throttle is 1597.000000
Error z is 536.750965
Time is 20.482460
Commanded RC Throttle is 1591.000000
Error z is 535.528670
Time is 20.502210
Commanded RC Throttle is 1591.000000
Error z is 542.862438
Time is 20.518084
Commanded RC Throttle is 1591.000000
Error z is 512.305111
Time is 20.534845
Commanded RC Throttle is 1591.000000
Error z is 512.305111
Time is 20.553096
Commanded RC Throttle is 1591.000000
Error z is 514.749700
Time is 20.568894
Commanded RC Throttle is 1591.000000
Error z is 484.192374
Time is 20.584887
Commanded RC Throttle is 1591.000000
Error z is 484.192374
Time is 20.602149
Commanded RC Throttle is 1591.000000
Error z is 484.192374
Time is 20.618147
Commanded RC Throttle is 1591.000000
Error z is 484.192374
Time is 20.633850
Commanded RC Throttle is 1591.000000
Error z is 484.192374
Time is 20.650297
Commanded RC Throttle is 1591.000000
Error z is 482.970080
Time is 20.667469
Commanded RC Throttle is 1591.000000
Error z is 482.970080
Time is 20.683290
Commanded RC Throttle is 1591.000000
Error z is 481.747785
Time is 20.699345
Commanded RC Throttle is 1591.000000
Error z is 481.747785
Time is 20.716884
Commanded RC Throttle is 1579.000000
Error z is 458.524226
Time is 20.736842
Commanded RC Throttle is 1579.000000
Error z is 459.746520
Time is 20.752648
Commanded RC Throttle is 1579.000000
Error z is 459.746520
Time is 20.769084
Commanded RC Throttle is 1579.000000
Error z is 459.746516
Time is 20.786489
Commanded RC Throttle is 1579.000000
Error z is 460.968807
Time is 20.802188
Commanded RC Throttle is 1579.000000
Error z is 451.190459
Time is 20.818405
Commanded RC Throttle is 1579.000000
Error z is 435.300642
Time is 20.836733
Commanded RC Throttle is 1579.000000
Error z is 436.522937
Time is 20.853847
Commanded RC Throttle is 1579.000000
Error z is 421.855427
Time is 20.869553
Commanded RC Throttle is 1579.000000
Error z is 405.965635
Time is 20.886430
Commanded RC Throttle is 1579.000000
Error z is 405.965635
Time is 20.903666
Commanded RC Throttle is 1579.000000
Error z is 408.410216
Time is 20.919782
Commanded RC Throttle is 1579.000000
Error z is 405.965635
Time is 20.938386
Commanded RC Throttle is 1572.000000
Error z is 404.743341
Time is 20.956288
Commanded RC Throttle is 1572.000000
Error z is 376.630591
Time is 20.973560
Commanded RC Throttle is 1572.000000
Error z is 374.186006
Time is 20.989148
Commanded RC Throttle is 1572.000000
Error z is 372.963720
Time is 21.005013
Commanded RC Throttle is 1572.000000
Error z is 371.741425
Time is 21.022600
Commanded RC Throttle is 1572.000000
Error z is 374.186006
Time is 21.038420
Commanded RC Throttle is 1572.000000
Error z is 374.186006
Time is 21.054069
Commanded RC Throttle is 1572.000000
Error z is 349.740124
Time is 21.070019
Commanded RC Throttle is 1572.000000
Error z is 346.073240
Time is 21.087283
Commanded RC Throttle is 1572.000000
Error z is 347.295535
Time is 21.102962
Commanded RC Throttle is 1572.000000
Error z is 343.628651
Time is 21.119054
Commanded RC Throttle is 1572.000000
Error z is 346.073240
Time is 21.135570
Commanded RC Throttle is 1572.000000
Error z is 346.073240
Time is 21.154402
Commanded RC Throttle is 1564.000000
Error z is 322.849718
Time is 21.173280
Commanded RC Throttle is 1564.000000
Error z is 322.849718
Time is 21.192658
Commanded RC Throttle is 1564.000000
Error z is 322.849718
Time is 21.210035
Commanded RC Throttle is 1564.000000
Error z is 325.294307
Time is 21.226284
Commanded RC Throttle is 1564.000000
Error z is 320.405129
Time is 21.242346
Commanded RC Throttle is 1564.000000
Error z is 309.404478
Time is 21.259881
Commanded RC Throttle is 1564.000000
Error z is 292.292355
Time is 21.275556
Commanded RC Throttle is 1564.000000
Error z is 292.292355
Time is 21.291257
Commanded RC Throttle is 1564.000000
Error z is 291.070060
Time is 21.307217
Commanded RC Throttle is 1564.000000
Error z is 291.070060
Time is 21.324478
Commanded RC Throttle is 1564.000000
Error z is 288.625471
Time is 21.341623
Commanded RC Throttle is 1564.000000
Error z is 286.180907
Time is 21.357936
Commanded RC Throttle is 1564.000000
Error z is 270.291127
Time is 21.374978
Commanded RC Throttle is 1558.000000
Error z is 275.180289
Time is 21.395375
Commanded RC Throttle is 1558.000000
Error z is 249.512120
Time is 21.411162
Commanded RC Throttle is 1558.000000
Error z is 242.178353
Time is 21.427291
Commanded RC Throttle is 1558.000000
Error z is 245.845237
Time is 21.444669
Commanded RC Throttle is 1558.000000
Error z is 242.178353
Time is 21.460320
Commanded RC Throttle is 1558.000000
Error z is 245.845237
Time is 21.476248
Commanded RC Throttle is 1558.000000
Error z is 243.400648
Time is 21.492919
Commanded RC Throttle is 1558.000000
Error z is 221.399404
Time is 21.509993
Commanded RC Throttle is 1558.000000
Error z is 211.621064
Time is 21.526041
Commanded RC Throttle is 1558.000000
Error z is 210.398769
Time is 21.542847
Commanded RC Throttle is 1558.000000
Error z is 215.287939
Time is 21.560397
Commanded RC Throttle is 1558.000000
Error z is 216.510242
Time is 21.576893
Commanded RC Throttle is 1558.000000
Error z is 209.176475
Time is 21.593951
Commanded RC Throttle is 1540.000000
Error z is 189.619762
Time is 21.613356
Commanded RC Throttle is 1540.000000
Error z is 185.952879
Time is 21.630962
Commanded RC Throttle is 1540.000000
Error z is 189.619762
Time is 21.647029
Commanded RC Throttle is 1540.000000
Error z is 189.619762
Time is 21.663275
Commanded RC Throttle is 1540.000000
Error z is 188.397468
Time is 21.680602
Commanded RC Throttle is 1540.000000
Error z is 187.175173
Time is 21.696238
Commanded RC Throttle is 1540.000000
Error z is 185.952879
Time is 21.711831
Commanded RC Throttle is 1540.000000
Error z is 189.619762
Time is 21.727812
Commanded RC Throttle is 1540.000000
Error z is 183.508298
Time is 21.746983
Commanded RC Throttle is 1540.000000
Error z is 163.951651
Time is 21.763570
Commanded RC Throttle is 1540.000000
Error z is 163.951651
Time is 21.779915
Commanded RC Throttle is 1540.000000
Error z is 162.729356
Time is 21.797467
Commanded RC Throttle is 1540.000000
Error z is 161.507062
Time is 21.815026
Commanded RC Throttle is 1537.000000
Error z is 161.507062
Time is 21.834940
Commanded RC Throttle is 1537.000000
Error z is 163.951651
Time is 21.853763
Commanded RC Throttle is 1537.000000
Error z is 162.729356
Time is 21.870513
Commanded RC Throttle is 1537.000000
Error z is 161.507062
Time is 21.886140
Commanded RC Throttle is 1537.000000
Error z is 139.505760
Time is 21.902272
Commanded RC Throttle is 1537.000000
Error z is 137.061171
Time is 21.919410
Commanded RC Throttle is 1537.000000
Error z is 135.838877
Time is 21.935101
Commanded RC Throttle is 1537.000000
Error z is 135.838877
Time is 21.951218
Commanded RC Throttle is 1537.000000
Error z is 133.394288
Time is 21.967906
Commanded RC Throttle is 1537.000000
Error z is 133.394288
Time is 21.985144
Commanded RC Throttle is 1537.000000
Error z is 135.838877
Time is 22.000836
Commanded RC Throttle is 1537.000000
Error z is 139.505760
Time is 22.016640
Commanded RC Throttle is 1537.000000
Error z is 137.061171
Time is 22.034117
Commanded RC Throttle is 1535.000000
Error z is 113.837584
Time is 22.054496
Commanded RC Throttle is 1535.000000
Error z is 113.837575
Time is 22.070338
Commanded RC Throttle is 1535.000000
Error z is 115.059870
Time is 22.086240
Commanded RC Throttle is 1535.000000
Error z is 111.392986
Time is 22.103617
Commanded RC Throttle is 1535.000000
Error z is 115.059870
Time is 22.119268
Commanded RC Throttle is 1535.000000
Error z is 111.392986
Time is 22.135050
Commanded RC Throttle is 1535.000000
Error z is 108.948406
Time is 22.152301
Commanded RC Throttle is 1535.000000
Error z is 108.948406
Time is 22.169431
Commanded RC Throttle is 1535.000000
Error z is 110.170692
Time is 22.185074
Commanded RC Throttle is 1535.000000
Error z is 108.948406
Time is 22.201265
Commanded RC Throttle is 1535.000000
Error z is 111.392986
Time is 22.218475
Commanded RC Throttle is 1535.000000
Error z is 105.281530
Time is 22.238743
Commanded RC Throttle is 1535.000000
Error z is 85.724875
Time is 22.257111
Commanded RC Throttle is 1531.000000
Error z is 83.280286
Time is 22.274887
Commanded RC Throttle is 1531.000000
Error z is 84.502581
Time is 22.292316
Commanded RC Throttle is 1531.000000
Error z is 85.724875
Time is 22.308119
Commanded RC Throttle is 1531.000000
Error z is 83.280286
Time is 22.324210
Commanded RC Throttle is 1531.000000
Error z is 86.947170
Time is 22.341274
Commanded RC Throttle is 1531.000000
Error z is 86.947170
Time is 22.357300
Commanded RC Throttle is 1531.000000
Error z is 84.502581
Time is 22.373023
Commanded RC Throttle is 1531.000000
Error z is 84.502581
Time is 22.388917
Commanded RC Throttle is 1531.000000
Error z is 84.502581
Time is 22.406295
Commanded RC Throttle is 1531.000000
Error z is 84.502581
Time is 22.422116
Commanded RC Throttle is 1531.000000
Error z is 84.502581
Time is 22.438096
Commanded RC Throttle is 1531.000000
Error z is 86.947170
Time is 22.454931
Commanded RC Throttle is 1531.000000
Error z is 84.502581
Time is 22.473730
Commanded RC Throttle is 1519.000000
Error z is 86.947170
Time is 22.492542
Commanded RC Throttle is 1519.000000
Error z is 84.502581
Time is 22.508544
Commanded RC Throttle is 1519.000000
Error z is 84.502581
Time is 22.525794
Commanded RC Throttle is 1519.000000
Error z is 55.167520
Time is 22.542897
Commanded RC Throttle is 1519.000000
Error z is 53.945226
Time is 22.559461
Commanded RC Throttle is 1519.000000
Error z is 53.945226
Time is 22.576774
Commanded RC Throttle is 1519.000000
Error z is 53.945226
Time is 22.592488
Commanded RC Throttle is 1519.000000
Error z is 57.612101
Time is 22.608166
Commanded RC Throttle is 1519.000000
Error z is 60.056690
Time is 22.624066
Commanded RC Throttle is 1519.000000
Error z is 55.167520
Time is 22.641365
Commanded RC Throttle is 1519.000000
Error z is 55.167520
Time is 22.657660
Commanded RC Throttle is 1519.000000
Error z is 55.167520
Time is 22.673373
Commanded RC Throttle is 1519.000000
Error z is 57.612109
Time is 22.689872
Commanded RC Throttle is 1525.000000
Error z is 60.056690
Time is 22.710313
Commanded RC Throttle is 1525.000000
Error z is 55.167512
Time is 22.725927
Commanded RC Throttle is 1525.000000
Error z is 57.612101
Time is 22.742134
Commanded RC Throttle is 1525.000000
Error z is 50.278358
Time is 22.760532
Commanded RC Throttle is 1525.000000
Error z is 55.167512
Time is 22.776288
Commanded RC Throttle is 1525.000000
Error z is 55.167512
Time is 22.792018
Commanded RC Throttle is 1525.000000
Error z is 55.167512
Time is 22.808060
Commanded RC Throttle is 1525.000000
Error z is 52.722939
Time is 22.825468
Commanded RC Throttle is 1525.000000
Error z is 58.834396
Time is 22.842659
Commanded RC Throttle is 1525.000000
Error z is 56.389807
Time is 22.858734
Commanded RC Throttle is 1525.000000
Error z is 56.389807
Time is 22.875934
Commanded RC Throttle is 1525.000000
Error z is 55.167512
Time is 22.892760
Commanded RC Throttle is 1525.000000
Error z is 57.612101
Time is 22.908805
Commanded RC Throttle is 1526.000000
Error z is 36.833168
Time is 22.928258
Commanded RC Throttle is 1526.000000
Error z is 29.499401
Time is 22.947006
Commanded RC Throttle is 1526.000000
Error z is 29.499401
Time is 22.962699
Commanded RC Throttle is 1526.000000
Error z is 31.943990
Time is 22.979456
Commanded RC Throttle is 1526.000000
Error z is 30.721695
Time is 22.996120
Commanded RC Throttle is 1526.000000
Error z is 31.943990
Time is 23.013073
Commanded RC Throttle is 1526.000000
Error z is 29.499401
Time is 23.029669
Commanded RC Throttle is 1526.000000
Error z is 33.166284
Time is 23.045541
Commanded RC Throttle is 1526.000000
Error z is 31.943990
Time is 23.062760
Commanded RC Throttle is 1526.000000
Error z is 30.721695
Time is 23.078983
Commanded RC Throttle is 1526.000000
Error z is 33.166284
Time is 23.094881
Commanded RC Throttle is 1526.000000
Error z is 30.721695
Time is 23.111900
Commanded RC Throttle is 1526.000000
Error z is 28.277106
Time is 23.129482
Commanded RC Throttle is 1526.000000
Error z is 25.832517
Time is 23.148724
Commanded RC Throttle is 1526.000000
Error z is 29.499401
Time is 23.165147
Commanded RC Throttle is 1526.000000
Error z is 29.499401
Time is 23.182392
Commanded RC Throttle is 1526.000000
Error z is 29.499401
Time is 23.198017
Commanded RC Throttle is 1526.000000
Error z is 25.832517
Time is 23.213697
Commanded RC Throttle is 1526.000000
Error z is 31.943990
Time is 23.229622
Commanded RC Throttle is 1526.000000
Error z is 28.277106
Time is 23.246891
Commanded RC Throttle is 1526.000000
Error z is 31.943990
Time is 23.262680
Commanded RC Throttle is 1526.000000
Error z is 30.721695
Time is 23.279337
Commanded RC Throttle is 1526.000000
Error z is 29.499401
Time is 23.295866
Commanded RC Throttle is 1526.000000
Error z is 29.499401
Time is 23.312727
Commanded RC Throttle is 1526.000000
Error z is 30.721695
Time is 23.328378
Commanded RC Throttle is 1526.000000
Error z is 30.721695
Time is 23.344452
Commanded RC Throttle is 1526.000000
Error z is 31.943990
Time is 23.364079
Commanded RC Throttle is 1518.000000
Error z is 30.721695
Time is 23.382929
Commanded RC Throttle is 1518.000000
Error z is 34.388579
Time is 23.399300
Commanded RC Throttle is 1518.000000
Error z is 31.943990
Time is 23.416221
Commanded RC Throttle is 1518.000000
Error z is 30.721695
Time is 23.433140
Commanded RC Throttle is 1518.000000
Error z is 31.943990
Time is 23.448691
Commanded RC Throttle is 1518.000000
Error z is 29.499401
Time is 23.464741
Commanded RC Throttle is 1518.000000
Error z is 31.943990
Time is 23.481962
Commanded RC Throttle is 1518.000000
Error z is 30.721695
Time is 23.497558
Commanded RC Throttle is 1518.000000
Error z is 14.831866
Time is 23.513185
Commanded RC Throttle is 1518.000000
Error z is 2.608921
Time is 23.529154
Commanded RC Throttle is 1518.000000
Error z is 6.275805
Time is 23.546315
Commanded RC Throttle is 1518.000000
Error z is 8.720394
Time is 23.562426
Commanded RC Throttle is 1520.000000
Error z is 8.720394
Time is 23.582272
Commanded RC Throttle is 1520.000000
Error z is 7.498099
Time is 23.599619
Commanded RC Throttle is 1520.000000
Error z is 8.720394
Time is 23.615337
Commanded RC Throttle is 1520.000000
Error z is 6.275805
Time is 23.630986
Commanded RC Throttle is 1520.000000
Error z is 3.831216
Time is 23.646830
Commanded RC Throttle is 1520.000000
Error z is 6.275805
Time is 23.664505
Commanded RC Throttle is 1520.000000
Error z is 6.275805
Time is 23.680195
Commanded RC Throttle is 1520.000000
Error z is 7.498099
Time is 23.696347
Commanded RC Throttle is 1520.000000
Error z is 7.498099
Time is 23.713582
Commanded RC Throttle is 1520.000000
Error z is 5.053510
Time is 23.730642
Commanded RC Throttle is 1520.000000
Error z is 5.053510
Time is 23.747746
Commanded RC Throttle is 1520.000000
Error z is 28.277106
Time is 23.763932
Commanded RC Throttle is 1520.000000
Error z is 31.943990
Time is 23.781686
Commanded RC Throttle is 1520.000000
Error z is 30.721695
Time is 23.799756
Commanded RC Throttle is 1520.000000
Error z is 28.277106
Time is 23.817804
Commanded RC Throttle is 1520.000000
Error z is 29.499401
Time is 23.836540
Commanded RC Throttle is 1520.000000
Error z is 28.277106
Time is 23.853677
Commanded RC Throttle is 1520.000000
Error z is 28.277106
Time is 23.869345
Commanded RC Throttle is 1520.000000
Error z is 29.499401
Time is 23.885562
Commanded RC Throttle is 1520.000000
Error z is 30.721695
Time is 23.902784
Commanded RC Throttle is 1520.000000
Error z is 31.943990
Time is 23.918614
Commanded RC Throttle is 1520.000000
Error z is 30.721695
Time is 23.934252
Commanded RC Throttle is 1520.000000
Error z is 29.499401
Time is 23.950032
Commanded RC Throttle is 1520.000000
Error z is 30.721695
Time is 23.967251
Commanded RC Throttle is 1520.000000
Error z is 31.943990
Time is 23.983080
Commanded RC Throttle is 1520.000000
Error z is 29.499401
Time is 23.999296
Commanded RC Throttle is 1520.000000
Error z is 28.277106
Time is 24.017909
Commanded RC Throttle is 1519.000000
Error z is 29.499401
Time is 24.036588
Commanded RC Throttle is 1519.000000
Error z is 30.721695
Time is 24.052229
Commanded RC Throttle is 1519.000000
Error z is 31.943990
Time is 24.068432
Commanded RC Throttle is 1519.000000
Error z is 29.499401
Time is 24.085480
Commanded RC Throttle is 1519.000000
Error z is 34.388579
Time is 24.102217
Commanded RC Throttle is 1519.000000
Error z is 33.166284
Time is 24.118130
Commanded RC Throttle is 1519.000000
Error z is 27.054812
Time is 24.134964
Commanded RC Throttle is 1519.000000
Error z is 30.721695
Time is 24.153302
Commanded RC Throttle is 1519.000000
Error z is 33.166284
Time is 24.169843
Commanded RC Throttle is 1519.000000
Error z is 29.499401
Time is 24.185870
Commanded RC Throttle is 1519.000000
Error z is 28.277106
Time is 24.203520
Commanded RC Throttle is 1519.000000
Error z is 24.610223
Time is 24.219512
Commanded RC Throttle is 1519.000000
Error z is 29.499401
Time is 24.239168
Commanded RC Throttle is 1519.000000
Error z is 35.610873
Time is 24.256987
Commanded RC Throttle is 1519.000000
Error z is 29.499401
Time is 24.274590
Commanded RC Throttle is 1519.000000
Error z is 30.721695
Time is 24.290423
Commanded RC Throttle is 1519.000000
Error z is 31.943990
Time is 24.306842
Commanded RC Throttle is 1519.000000
Error z is 31.943990
Time is 24.324237
Commanded RC Throttle is 1519.000000
Error z is 29.499401
Time is 24.339941
Commanded RC Throttle is 1519.000000
Error z is 30.721695
Time is 24.355892
Commanded RC Throttle is 1519.000000
Error z is 30.721695
Time is 24.372483
Commanded RC Throttle is 1519.000000
Error z is 34.388579
Time is 24.389883
Commanded RC Throttle is 1519.000000
Error z is 34.388579
Time is 24.406014
Commanded RC Throttle is 1519.000000
Error z is 29.499401
Time is 24.422028
Commanded RC Throttle is 1519.000000
Error z is 31.943990
Time is 24.439604
Commanded RC Throttle is 1519.000000
Error z is 33.166284
Time is 24.458366
Commanded RC Throttle is 1521.000000
Error z is 30.721695
Time is 24.476366
Commanded RC Throttle is 1521.000000
Error z is 31.943990
Time is 24.493453
Commanded RC Throttle is 1521.000000
Error z is 34.388579
Time is 24.510814
Commanded RC Throttle is 1521.000000
Error z is 31.943990
Time is 24.526660
Commanded RC Throttle is 1521.000000
Error z is 27.054812
Time is 24.542734
Commanded RC Throttle is 1521.000000
Error z is 28.277106
Time is 24.560033
Commanded RC Throttle is 1521.000000
Error z is 30.721695
Time is 24.575641
Commanded RC Throttle is 1521.000000
Error z is 28.277106
Time is 24.591299
Commanded RC Throttle is 1521.000000
Error z is 30.721695
Time is 24.607663
Commanded RC Throttle is 1521.000000
Error z is 24.610223
Time is 24.625041
Commanded RC Throttle is 1521.000000
Error z is 31.943990
Time is 24.640769
Commanded RC Throttle is 1521.000000
Error z is 33.166284
Time is 24.656784
Commanded RC Throttle is 1521.000000
Error z is 28.277106
Time is 24.674152
Commanded RC Throttle is 1520.000000
Error z is 28.277106
Time is 24.695397
Commanded RC Throttle is 1520.000000
Error z is 27.054812
Time is 24.711342
Commanded RC Throttle is 1520.000000
Error z is 30.721695
Time is 24.727391
Commanded RC Throttle is 1520.000000
Error z is 33.166284
Time is 24.744596
Commanded RC Throttle is 1520.000000
Error z is 33.166284
Time is 24.760902
Commanded RC Throttle is 1520.000000
Error z is 31.943990
Time is 24.777061
Commanded RC Throttle is 1520.000000
Error z is 28.277106
Time is 24.794398
Commanded RC Throttle is 1520.000000
Error z is 30.721695
Time is 24.811631
Commanded RC Throttle is 1520.000000
Error z is 30.721695
Time is 24.827553
Commanded RC Throttle is 1520.000000
Error z is 28.277106
Time is 24.844945
Commanded RC Throttle is 1520.000000
Error z is 30.721695
Time is 24.862244
Commanded RC Throttle is 1520.000000
Error z is 29.499401
Time is 24.878642
Commanded RC Throttle is 1520.000000
Error z is 28.277106
Time is 24.897047
Commanded RC Throttle is 1517.000000
Error z is 28.277106
Time is 24.915222
Commanded RC Throttle is 1517.000000
Error z is 44.166902
Time is 24.932485
Commanded RC Throttle is 1517.000000
Error z is 56.389815
Time is 24.949691
Commanded RC Throttle is 1517.000000
Error z is 55.167520
Time is 24.965743
Commanded RC Throttle is 1517.000000
Error z is 56.389807
Time is 24.982956
Commanded RC Throttle is 1517.000000
Error z is 53.945217
Time is 24.998690
Commanded RC Throttle is 1517.000000
Error z is 50.278358
Time is 25.014714
Commanded RC Throttle is 1517.000000
Error z is 53.945226
Time is 25.031439
Commanded RC Throttle is 1517.000000
Error z is 55.167520
Time is 25.048247
Commanded RC Throttle is 1517.000000
Error z is 55.167520
Time is 25.063862
Commanded RC Throttle is 1517.000000
Error z is 57.612101
Time is 25.079953
Commanded RC Throttle is 1517.000000
Error z is 60.056690
Time is 25.098048
Commanded RC Throttle is 1517.000000
Error z is 55.167520
Time is 25.117096
Commanded RC Throttle is 1519.000000
Error z is 53.945226
Time is 25.134612
Commanded RC Throttle is 1519.000000
Error z is 55.167512
Time is 25.151314
Commanded RC Throttle is 1519.000000
Error z is 53.945226
Time is 25.169412
Commanded RC Throttle is 1519.000000
Error z is 60.056690
Time is 25.184977
Commanded RC Throttle is 1519.000000
Error z is 53.945226
Time is 25.201149
Commanded RC Throttle is 1519.000000
Error z is 55.167520
Time is 25.218884
Commanded RC Throttle is 1519.000000
Error z is 52.722939
Time is 25.234932
Commanded RC Throttle is 1519.000000
Error z is 52.722939
Time is 25.250713
Commanded RC Throttle is 1519.000000
Error z is 56.389815
Time is 25.266575
Commanded RC Throttle is 1519.000000
Error z is 84.502581
Time is 25.283836
Commanded RC Throttle is 1519.000000
Error z is 84.502581
Time is 25.299527
Commanded RC Throttle is 1519.000000
Error z is 82.057992
Time is 25.315177
Commanded RC Throttle is 1519.000000
Error z is 85.724875
Time is 25.332991
Commanded RC Throttle is 1521.000000
Error z is 82.057992
Time is 25.354568
Commanded RC Throttle is 1521.000000
Error z is 85.724875
Time is 25.370782
Commanded RC Throttle is 1521.000000
Error z is 84.502581
Time is 25.389178
Commanded RC Throttle is 1521.000000
Error z is 84.502581
Time is 25.406490
Commanded RC Throttle is 1521.000000
Error z is 86.947170
Time is 25.422578
Commanded RC Throttle is 1521.000000
Error z is 83.280286
Time is 25.438605
Commanded RC Throttle is 1521.000000
Error z is 85.724875
Time is 25.455304
Commanded RC Throttle is 1521.000000
Error z is 85.724875
Time is 25.472113
Commanded RC Throttle is 1521.000000
Error z is 85.724875
Time is 25.487766
Commanded RC Throttle is 1521.000000
Error z is 85.724875
Time is 25.503801
Commanded RC Throttle is 1521.000000
Error z is 105.281530
Time is 25.520946
Commanded RC Throttle is 1521.000000
Error z is 110.170708
Time is 25.536955
Commanded RC Throttle is 1521.000000
Error z is 106.503833
Time is 25.554080
Commanded RC Throttle is 1528.000000
Error z is 108.948397
Time is 25.573297
Commanded RC Throttle is 1528.000000
Error z is 111.392986
Time is 25.590611
Commanded RC Throttle is 1528.000000
Error z is 108.948406
Time is 25.606231
Commanded RC Throttle is 1528.000000
Error z is 108.948406
Time is 25.622223
Commanded RC Throttle is 1528.000000
Error z is 111.392995
Time is 25.639965
Commanded RC Throttle is 1528.000000
Error z is 110.170700
Time is 25.655660
Commanded RC Throttle is 1528.000000
Error z is 112.615281
Time is 25.671703
Commanded RC Throttle is 1528.000000
Error z is 111.392986
Time is 25.687801
Commanded RC Throttle is 1528.000000
Error z is 111.392986
Time is 25.705384
Commanded RC Throttle is 1528.000000
Error z is 137.061171
Time is 25.721029
Commanded RC Throttle is 1528.000000
Error z is 134.616582
Time is 25.737439
Commanded RC Throttle is 1528.000000
Error z is 135.838877
Time is 25.754180
Commanded RC Throttle is 1528.000000
Error z is 133.394288
Time is 25.772353
Commanded RC Throttle is 1527.000000
Error z is 132.171993
Time is 25.791407
Commanded RC Throttle is 1527.000000
Error z is 132.171993
Time is 25.807482
Commanded RC Throttle is 1527.000000
Error z is 134.616582
Time is 25.825028
Commanded RC Throttle is 1527.000000
Error z is 134.616582
Time is 25.842600
Commanded RC Throttle is 1527.000000
Error z is 132.171993
Time is 25.858626
Commanded RC Throttle is 1527.000000
Error z is 137.061171
Time is 25.876657
Commanded RC Throttle is 1527.000000
Error z is 134.616582
Time is 25.893503
Commanded RC Throttle is 1527.000000
Error z is 135.838877
Time is 25.909098
Commanded RC Throttle is 1527.000000
Error z is 135.838877
Time is 25.924940
Commanded RC Throttle is 1527.000000
Error z is 134.616582
Time is 25.942390
Commanded RC Throttle is 1527.000000
Error z is 157.840178
Time is 25.958198
Commanded RC Throttle is 1527.000000
Error z is 161.507062
Time is 25.973886
Commanded RC Throttle is 1527.000000
Error z is 161.507062
Time is 25.990356
Commanded RC Throttle is 1531.000000
Error z is 165.173937
Time is 26.010669
Commanded RC Throttle is 1531.000000
Error z is 163.951651
Time is 26.026293
Commanded RC Throttle is 1531.000000
Error z is 162.729356
Time is 26.042310
Commanded RC Throttle is 1531.000000
Error z is 162.729356
Time is 26.059583
Commanded RC Throttle is 1531.000000
Error z is 161.507062
Time is 26.075400
Commanded RC Throttle is 1531.000000
Error z is 162.729356
Time is 26.091165
Commanded RC Throttle is 1531.000000
Error z is 163.951651
Time is 26.106919
Commanded RC Throttle is 1531.000000
Error z is 162.729356
Time is 26.124374
Commanded RC Throttle is 1531.000000
Error z is 160.284767
Time is 26.140471
Commanded RC Throttle is 1531.000000
Error z is 161.507062
Time is 26.158315
Commanded RC Throttle is 1531.000000
Error z is 160.284767
Time is 26.175277
Commanded RC Throttle is 1531.000000
Error z is 162.729356
Time is 26.195711
Commanded RC Throttle is 1531.000000
Error z is 161.507062
Time is 26.212961
Commanded RC Throttle is 1539.000000
Error z is 162.729356
Time is 26.232148
Commanded RC Throttle is 1539.000000
Error z is 176.174539
Time is 26.254571
Commanded RC Throttle is 1539.000000
Error z is 189.619762
Time is 26.270277
Commanded RC Throttle is 1539.000000
Error z is 185.952879
Time is 26.286205
Commanded RC Throttle is 1539.000000
Error z is 188.397468
Time is 26.303842
Commanded RC Throttle is 1539.000000
Error z is 187.175173
Time is 26.319596
Commanded RC Throttle is 1539.000000
Error z is 184.730584
Time is 26.335405
Commanded RC Throttle is 1539.000000
Error z is 187.175173
Time is 26.352930
Commanded RC Throttle is 1539.000000
Error z is 187.175173
Time is 26.370006
Commanded RC Throttle is 1539.000000
Error z is 185.952879
Time is 26.385744
Commanded RC Throttle is 1539.000000
Error z is 185.952879
Time is 26.402061
Commanded RC Throttle is 1539.000000
Error z is 183.508290
Time is 26.419925
Commanded RC Throttle is 1539.000000
Error z is 187.175173
Time is 26.438709
Commanded RC Throttle is 1535.000000
Error z is 188.397468
Time is 26.456550
Commanded RC Throttle is 1535.000000
Error z is 184.730584
Time is 26.473394
Commanded RC Throttle is 1535.000000
Error z is 192.064351
Time is 26.490376
Commanded RC Throttle is 1535.000000
Error z is 216.510242
Time is 26.506079
Commanded RC Throttle is 1535.000000
Error z is 212.843358
Time is 26.522150
Commanded RC Throttle is 1535.000000
Error z is 212.843358
Time is 26.539362
Commanded RC Throttle is 1535.000000
Error z is 216.510234
Time is 26.556856
Commanded RC Throttle is 1535.000000
Error z is 215.287947
Time is 26.572482
Commanded RC Throttle is 1535.000000
Error z is 216.510242
Time is 26.588455
Commanded RC Throttle is 1535.000000
Error z is 217.732528
Time is 26.605691
Commanded RC Throttle is 1535.000000
Error z is 215.287947
Time is 26.621353
Commanded RC Throttle is 1535.000000
Error z is 211.621064
Time is 26.637311
Commanded RC Throttle is 1535.000000
Error z is 212.843358
Time is 26.655149
Commanded RC Throttle is 1539.000000
Error z is 214.065653
Time is 26.675785
Commanded RC Throttle is 1539.000000
Error z is 236.066897
Time is 26.691642
Commanded RC Throttle is 1539.000000
Error z is 242.178353
Time is 26.707665
Commanded RC Throttle is 1539.000000
Error z is 248.289826
Time is 26.724975
Commanded RC Throttle is 1539.000000
Error z is 245.845237
Time is 26.740621
Commanded RC Throttle is 1539.000000
Error z is 247.067531
Time is 26.757289
Commanded RC Throttle is 1539.000000
Error z is 245.845237
Time is 26.774587
Commanded RC Throttle is 1539.000000
Error z is 249.512120
Time is 26.791541
Commanded RC Throttle is 1539.000000
Error z is 248.289826
Time is 26.807303
Commanded RC Throttle is 1539.000000
Error z is 244.622942
Time is 26.823381
Commanded RC Throttle is 1539.000000
Error z is 247.067531
Time is 26.842040
Commanded RC Throttle is 1539.000000
Error z is 243.400648
Time is 26.858315
Commanded RC Throttle is 1539.000000
Error z is 242.178353
Time is 26.876917
Commanded RC Throttle is 1542.000000
Error z is 243.400648
Time is 26.894782
Commanded RC Throttle is 1542.000000
Error z is 247.067531
Time is 26.912201
Commanded RC Throttle is 1542.000000
Error z is 244.622942
Time is 26.927882
Commanded RC Throttle is 1542.000000
Error z is 267.846538
Time is 26.943761
Commanded RC Throttle is 1542.000000
Error z is 269.068833
Time is 26.961355
Commanded RC Throttle is 1542.000000
Error z is 269.068833
Time is 26.977093
Commanded RC Throttle is 1542.000000
Error z is 266.624244
Time is 26.992805
Commanded RC Throttle is 1542.000000
Error z is 262.957360
Time is 27.008727
Commanded RC Throttle is 1542.000000
Error z is 270.291127
Time is 27.025928
Commanded RC Throttle is 1542.000000
Error z is 266.624244
Time is 27.041696
Commanded RC Throttle is 1542.000000
Error z is 266.624244
Time is 27.057932
Commanded RC Throttle is 1542.000000
Error z is 269.068833
Time is 27.074870
Commanded RC Throttle is 1542.000000
Error z is 267.846538
Time is 27.093190
Commanded RC Throttle is 1545.000000
Error z is 265.401949
Time is 27.112153
Commanded RC Throttle is 1545.000000
Error z is 265.401949
Time is 27.128213
Commanded RC Throttle is 1545.000000
Error z is 267.846538
Time is 27.145332
Commanded RC Throttle is 1545.000000
Error z is 269.068833
Time is 27.161118
Commanded RC Throttle is 1545.000000
Error z is 266.624244
Time is 27.177716
Commanded RC Throttle is 1545.000000
Error z is 267.846538
Time is 27.194275
Commanded RC Throttle is 1545.000000
Error z is 266.624244
Time is 27.211158
Commanded RC Throttle is 1545.000000
Error z is 281.291737
Time is 27.226797
Commanded RC Throttle is 1545.000000
Error z is 289.847766
Time is 27.242834
Commanded RC Throttle is 1545.000000
Error z is 292.292355
Time is 27.260057
Commanded RC Throttle is 1545.000000
Error z is 292.292355
Time is 27.275796
Commanded RC Throttle is 1545.000000
Error z is 289.847766
Time is 27.291367
Commanded RC Throttle is 1545.000000
Error z is 288.625471
Time is 27.308450
Commanded RC Throttle is 1548.000000
Error z is 288.625471
Time is 27.328945
Commanded RC Throttle is 1548.000000
Error z is 294.736944
Time is 27.344614
Commanded RC Throttle is 1548.000000
Error z is 293.514649
Time is 27.362148
Commanded RC Throttle is 1548.000000
Error z is 291.070060
Time is 27.380069
Commanded RC Throttle is 1548.000000
Error z is 291.070060
Time is 27.396193
Commanded RC Throttle is 1548.000000
Error z is 289.847766
Time is 27.411659
Commanded RC Throttle is 1548.000000
Error z is 292.292355
Time is 27.427533
Commanded RC Throttle is 1548.000000
Error z is 294.736944
Time is 27.444721
Commanded RC Throttle is 1548.000000
Error z is 291.070060
Time is 27.460276
Commanded RC Throttle is 1548.000000
Error z is 292.292355
Time is 27.476360
Commanded RC Throttle is 1548.000000
Error z is 293.514649
Time is 27.492975
Commanded RC Throttle is 1548.000000
Error z is 292.292355
Time is 27.509929
Commanded RC Throttle is 1548.000000
Error z is 321.627424
Time is 27.526089
Commanded RC Throttle is 1549.000000
Error z is 325.294307
Time is 27.545604
Commanded RC Throttle is 1549.000000
Error z is 322.849718
Time is 27.562960
Commanded RC Throttle is 1549.000000
Error z is 321.627424
Time is 27.579137
Commanded RC Throttle is 1549.000000
Error z is 321.627424
Time is 27.595348
Commanded RC Throttle is 1549.000000
Error z is 320.405129
Time is 27.612316
Commanded RC Throttle is 1549.000000
Error z is 326.516602
Time is 27.629347
Commanded RC Throttle is 1549.000000
Error z is 325.294307
Time is 27.645227
Commanded RC Throttle is 1549.000000
Error z is 321.627424
Time is 27.661317
Commanded RC Throttle is 1549.000000
Error z is 320.405129
Time is 27.678803
Commanded RC Throttle is 1549.000000
Error z is 324.072013
Time is 27.694644
Commanded RC Throttle is 1549.000000
Error z is 321.627424
Time is 27.711574
Commanded RC Throttle is 1549.000000
Error z is 321.627424
Time is 27.727618
Commanded RC Throttle is 1549.000000
Error z is 320.405129
Time is 27.745621
Commanded RC Throttle is 1590.000000
Error z is 325.294307
Time is 27.766528
Commanded RC Throttle is 1590.000000
Error z is 319.182834
Time is 27.783077
Commanded RC Throttle is 1590.000000
Error z is 319.182834
Time is 27.800228
Commanded RC Throttle is 1590.000000
Error z is 322.849718
Time is 27.816366
Commanded RC Throttle is 1590.000000
Error z is 325.294307
Time is 27.833482
Commanded RC Throttle is 1590.000000
Error z is 324.072013
Time is 27.852249
Commanded RC Throttle is 1590.000000
Error z is 322.849718
Time is 27.869476
Commanded RC Throttle is 1590.000000
Error z is 321.627424
Time is 27.885044
Commanded RC Throttle is 1590.000000
Error z is 322.849718
Time is 27.901115
Commanded RC Throttle is 1590.000000
Error z is 343.628651
Time is 27.918358
Commanded RC Throttle is 1590.000000
Error z is 343.628651
Time is 27.933969
Commanded RC Throttle is 1590.000000
Error z is 346.073240
Time is 27.949649
Commanded RC Throttle is 1590.000000
Error z is 346.073240
Time is 27.965856
Commanded RC Throttle is 1590.000000
Error z is 343.628651
Time is 27.986366
Commanded RC Throttle is 1554.000000
Error z is 343.628651
Time is 28.004048
Commanded RC Throttle is 1554.000000
Error z is 346.073240
Time is 28.020143
Commanded RC Throttle is 1554.000000
Error z is 349.740124
Time is 28.037556
Commanded RC Throttle is 1554.000000
Error z is 346.073240
Time is 28.053183
Commanded RC Throttle is 1554.000000
Error z is 347.295535
Time is 28.068987
Commanded RC Throttle is 1554.000000
Error z is 346.073240
Time is 28.085251
Commanded RC Throttle is 1554.000000
Error z is 347.295535
Time is 28.102494
Commanded RC Throttle is 1554.000000
Error z is 344.850946
Time is 28.118170
Commanded RC Throttle is 1554.000000
Error z is 344.850954
Time is 28.133944
Commanded RC Throttle is 1554.000000
Error z is 344.850946
Time is 28.150923
Commanded RC Throttle is 1554.000000
Error z is 343.628651
Time is 28.168121
Commanded RC Throttle is 1554.000000
Error z is 347.295535
Time is 28.184605
Commanded RC Throttle is 1557.000000
Error z is 347.295535
Time is 28.203896
Commanded RC Throttle is 1557.000000
Error z is 350.962418
Time is 28.221121
Commanded RC Throttle is 1557.000000
Error z is 348.517829
Time is 28.236850
Commanded RC Throttle is 1557.000000
Error z is 347.295535
Time is 28.253541
Commanded RC Throttle is 1557.000000
Error z is 346.073240
Time is 28.269495
Commanded RC Throttle is 1557.000000
Error z is 343.628651
Time is 28.286585
Commanded RC Throttle is 1557.000000
Error z is 363.185364
Time is 28.302221
Commanded RC Throttle is 1557.000000
Error z is 369.296836
Time is 28.318355
Commanded RC Throttle is 1557.000000
Error z is 374.186006
Time is 28.334886
Commanded RC Throttle is 1557.000000
Error z is 374.185998
Time is 28.351754
Commanded RC Throttle is 1557.000000
Error z is 372.963716
Time is 28.367412
Commanded RC Throttle is 1557.000000
Error z is 374.186010
Time is 28.384277
Commanded RC Throttle is 1557.000000
Error z is 370.519118
Time is 28.402955
Commanded RC Throttle is 1562.000000
Error z is 371.741425
Time is 28.422253
Commanded RC Throttle is 1562.000000
Error z is 371.741425
Time is 28.438206
Commanded RC Throttle is 1562.000000
Error z is 403.521046
Time is 28.455306
Commanded RC Throttle is 1562.000000
Error z is 401.076457
Time is 28.472129
Commanded RC Throttle is 1562.000000
Error z is 407.187926
Time is 28.487824
Commanded RC Throttle is 1562.000000
Error z is 407.187921
Time is 28.503874
Commanded RC Throttle is 1562.000000
Error z is 403.521046
Time is 28.520890
Commanded RC Throttle is 1562.000000
Error z is 403.521046
Time is 28.536531
Commanded RC Throttle is 1562.000000
Error z is 405.965635
Time is 28.553586
Commanded RC Throttle is 1562.000000
Error z is 403.521046
Time is 28.569674
Commanded RC Throttle is 1562.000000
Error z is 405.965631
Time is 28.586933
Commanded RC Throttle is 1562.000000
Error z is 405.965635
Time is 28.602985
Commanded RC Throttle is 1562.000000
Error z is 407.187926
Time is 28.619137
Commanded RC Throttle is 1562.000000
Error z is 405.965635
Time is 28.636094
Commanded RC Throttle is 1559.000000
Error z is 405.965635
Time is 28.655948
Commanded RC Throttle is 1559.000000
Error z is 404.743341
Time is 28.671586
Commanded RC Throttle is 1559.000000
Error z is 405.965635
Time is 28.687776
Commanded RC Throttle is 1559.000000
Error z is 407.187926
Time is 28.705205
Commanded RC Throttle is 1559.000000
Error z is 403.521046
Time is 28.720805
Commanded RC Throttle is 1559.000000
Error z is 412.077087
Time is 28.736670
Commanded RC Throttle is 1559.000000
Error z is 431.633771
Time is 28.754389
Commanded RC Throttle is 1559.000000
Error z is 427.966900
Time is 28.771648
Commanded RC Throttle is 1559.000000
Error z is 437.745231
Time is 28.787304
Commanded RC Throttle is 1559.000000
Error z is 434.078352
Time is 28.803220
Commanded RC Throttle is 1559.000000
Error z is 432.856061
Time is 28.820580
Commanded RC Throttle is 1559.000000
Error z is 436.522933
Time is 28.838574
Commanded RC Throttle is 1559.000000
Error z is 437.745223
Time is 28.857276
Commanded RC Throttle is 1564.000000
Error z is 432.856061
Time is 28.875248
Commanded RC Throttle is 1564.000000
Error z is 435.300642
Time is 28.892580
Commanded RC Throttle is 1564.000000
Error z is 436.522933
Time is 28.908586
Commanded RC Throttle is 1564.000000
Error z is 434.078352
Time is 28.924611
Commanded RC Throttle is 1564.000000
Error z is 430.411481
Time is 28.941762
Commanded RC Throttle is 1564.000000
Error z is 431.633771
Time is 28.959113
Commanded RC Throttle is 1564.000000
Error z is 432.856061
Time is 28.974812
Commanded RC Throttle is 1564.000000
Error z is 431.633771
Time is 28.991654
Commanded RC Throttle is 1564.000000
Error z is 435.300642
Time is 29.008969
Commanded RC Throttle is 1564.000000
Error z is 430.411481
Time is 29.024729
Commanded RC Throttle is 1564.000000
Error z is 454.857342
Time is 29.041016
Commanded RC Throttle is 1564.000000
Error z is 456.079637
Time is 29.058542
Commanded RC Throttle is 1564.000000
Error z is 454.857342
Time is 29.077418
Commanded RC Throttle is 1569.000000
Error z is 457.301927
Time is 29.095220
Commanded RC Throttle is 1569.000000
Error z is 454.857342
Time is 29.112636
Commanded RC Throttle is 1569.000000
Error z is 459.746516
Time is 29.129655
Commanded RC Throttle is 1569.000000
Error z is 457.301931
Time is 29.145319
Commanded RC Throttle is 1569.000000
Error z is 456.079637
Time is 29.161860
Commanded RC Throttle is 1569.000000
Error z is 457.301931
Time is 29.179526
Commanded RC Throttle is 1569.000000
Error z is 457.301931
Time is 29.195309
Commanded RC Throttle is 1569.000000
Error z is 458.524226
Time is 29.211057
Commanded RC Throttle is 1569.000000
Error z is 458.524226
Time is 29.227010
Commanded RC Throttle is 1569.000000
Error z is 456.079637
Time is 29.244293
Commanded RC Throttle is 1569.000000
Error z is 457.301931
Time is 29.260009
Commanded RC Throttle is 1569.000000
Error z is 456.079637
Time is 29.275646
Commanded RC Throttle is 1569.000000
Error z is 458.524226
Time is 29.292384
Commanded RC Throttle is 1570.000000
Error z is 453.635048
Time is 29.312587
Commanded RC Throttle is 1570.000000
Error z is 458.524226
Time is 29.328323
Commanded RC Throttle is 1570.000000
Error z is 458.524226
Time is 29.344263
Commanded RC Throttle is 1570.000000
Error z is 459.746520
Time is 29.361470
Commanded RC Throttle is 1570.000000
Error z is 453.635048
Time is 29.377352
Commanded RC Throttle is 1570.000000
Error z is 456.079637
Time is 29.393580
Commanded RC Throttle is 1570.000000
Error z is 453.635048
Time is 29.409567
Commanded RC Throttle is 1570.000000
Error z is 456.079637
Time is 29.426741
Commanded RC Throttle is 1570.000000
Error z is 453.635048
Time is 29.442302
Commanded RC Throttle is 1570.000000
Error z is 456.079637
Time is 29.459111
Commanded RC Throttle is 1570.000000
Error z is 458.524226
Time is 29.475785
Commanded RC Throttle is 1570.000000
Error z is 456.079637
Time is 29.492760
Commanded RC Throttle is 1570.000000
Error z is 454.857342
Time is 29.508737
Commanded RC Throttle is 1573.000000
Error z is 457.301931
Time is 29.528300
Commanded RC Throttle is 1573.000000
Error z is 457.301931
Time is 29.545680
Commanded RC Throttle is 1573.000000
Error z is 456.079637
Time is 29.561474
Commanded RC Throttle is 1573.000000
Error z is 452.412753
Time is 29.577353
Commanded RC Throttle is 1573.000000
Error z is 453.635048
Time is 29.594311
Commanded RC Throttle is 1573.000000
Error z is 454.857342
Time is 29.611490
Commanded RC Throttle is 1573.000000
Error z is 454.857342
Time is 29.627141
Commanded RC Throttle is 1573.000000
Error z is 457.301931
Time is 29.643073
Commanded RC Throttle is 1573.000000
Error z is 457.301931
Time is 29.660354
Commanded RC Throttle is 1573.000000
Error z is 458.524226
Time is 29.676140
Commanded RC Throttle is 1573.000000
Error z is 456.079637
Time is 29.692106
Commanded RC Throttle is 1573.000000
Error z is 453.635048
Time is 29.708092
Commanded RC Throttle is 1573.000000
Error z is 456.079637
Time is 29.725929
Commanded RC Throttle is 1569.000000
Error z is 458.524226
Time is 29.744948
Commanded RC Throttle is 1569.000000
Error z is 457.301931
Time is 29.762488
Commanded RC Throttle is 1569.000000
Error z is 456.079637
Time is 29.779836
Commanded RC Throttle is 1569.000000
Error z is 452.412753
Time is 29.795549
Commanded RC Throttle is 1569.000000
Error z is 453.635048
Time is 29.811260
Commanded RC Throttle is 1569.000000
Error z is 454.857342
Time is 29.827195
Commanded RC Throttle is 1569.000000
Error z is 457.301931
Time is 29.845748
Commanded RC Throttle is 1569.000000
Error z is 443.856700
Time is 29.861424
Commanded RC Throttle is 1569.000000
Error z is 432.856061
Time is 29.877371
Commanded RC Throttle is 1569.000000
Error z is 431.633771
Time is 29.893941
Commanded RC Throttle is 1569.000000
Error z is 432.856061
Time is 29.910952
Commanded RC Throttle is 1569.000000
Error z is 429.189186
Time is 29.926586
Commanded RC Throttle is 1569.000000
Error z is 434.078356
Time is 29.942723
Commanded RC Throttle is 1569.000000
Error z is 434.078352
Time is 29.961763
Commanded RC Throttle is 1572.000000
Error z is 431.633771
Time is 29.979555
Commanded RC Throttle is 1572.000000
Error z is 430.411481
Time is 29.995629
Commanded RC Throttle is 1572.000000
Error z is 431.633771
Time is 30.012443
Commanded RC Throttle is 1572.000000
Error z is 427.966900
Time is 30.029895
Commanded RC Throttle is 1572.000000
Error z is 427.966900
Time is 30.045583
Commanded RC Throttle is 1572.000000
Error z is 427.966900
Time is 30.061610
Commanded RC Throttle is 1572.000000
Error z is 427.966900
Time is 30.078825
Commanded RC Throttle is 1572.000000
Error z is -1992.173163
Time is 30.094418
Commanded RC Throttle is 1572.000000
Error z is -1992.173163
Time is 30.110090
Commanded RC Throttle is 1572.000000
Error z is -1990.950860
Time is 30.125954
Commanded RC Throttle is 1572.000000
Error z is -1990.950860
Time is 30.143506
Commanded RC Throttle is 1572.000000
Error z is -1990.950860
Time is 30.160911
Commanded RC Throttle is 1572.000000
Error z is -1990.950860
Time is 30.179557
Commanded RC Throttle is 1568.000000
Error z is 427.966896
Time is 30.197382
Commanded RC Throttle is 1568.000000
Error z is 431.633771
Time is 30.214575
Commanded RC Throttle is 1568.000000
Error z is 431.633779
Time is 30.230010
Commanded RC Throttle is 1568.000000
Error z is 420.633137
Time is 30.246007
Commanded RC Throttle is 1568.000000
Error z is 349.740124
Time is 30.267495
Commanded RC Throttle is 1568.000000
Error z is 339.961784
Time is 30.283350
Commanded RC Throttle is 1568.000000
Error z is 346.073240
Time is 30.299308
Commanded RC Throttle is 1568.000000
Error z is 346.073240
Time is 30.315751
Commanded RC Throttle is 1568.000000
Error z is -510.754067
Time is 30.332747
Commanded RC Throttle is 1568.000000
Error z is -498.531170
Time is 30.348332
Commanded RC Throttle is 1568.000000
Error z is -498.531170
Time is 30.364112
Commanded RC Throttle is 1568.000000
Error z is -26.726074
Time is 30.381726
Commanded RC Throttle is 1568.000000
Error z is 64.945893
Time is 30.399830
Commanded RC Throttle is 1516.000000
Error z is 183.508290
Time is 30.417844
Commanded RC Throttle is 1516.000000
Error z is 187.175173
Time is 30.434952
Commanded RC Throttle is 1516.000000
Error z is 184.730584
Time is 30.451883
Commanded RC Throttle is 1516.000000
Error z is 181.063701
Time is 30.467573
Commanded RC Throttle is 1516.000000
Error z is 181.063701
Time is 30.483373
Commanded RC Throttle is 1516.000000
Error z is 181.063701
Time is 30.500520
Commanded RC Throttle is 1516.000000
Error z is 181.063701
Time is 30.516343
Commanded RC Throttle is 1516.000000
Error z is 430.411481
Time is 30.532700
Commanded RC Throttle is 1516.000000
Error z is 429.189186
Time is 30.548812
Commanded RC Throttle is 1516.000000
Error z is 420.633133
Time is 30.565895
Commanded RC Throttle is 1516.000000
Error z is 420.633133
Time is 30.581504
Commanded RC Throttle is 1516.000000
Error z is 420.633133
Time is 30.597794
Commanded RC Throttle is 1516.000000
Error z is 420.633133
Time is 30.615059
Commanded RC Throttle is 1551.000000
Error z is 420.633133
Time is 30.634937
Commanded RC Throttle is 1551.000000
Error z is 420.633133
Time is 30.651148
Commanded RC Throttle is 1551.000000
Error z is 420.633133
Time is 30.667035
Commanded RC Throttle is 1551.000000
Error z is 420.633133
Time is 30.684532
Commanded RC Throttle is 1551.000000
Error z is 420.633133
Time is 30.700094
Commanded RC Throttle is 1551.000000
Error z is 420.633133
Time is 30.715703
Commanded RC Throttle is 1551.000000
Error z is 343.628659
Time is 30.732539
Commanded RC Throttle is 1551.000000
Error z is 342.406357
Time is 30.749884
Commanded RC Throttle is 1551.000000
Error z is 341.184070
Time is 30.766706
Commanded RC Throttle is 1551.000000
Error z is 335.072630
Time is 30.782937
Commanded RC Throttle is 1551.000000
Error z is 336.294909
Time is 30.800124
Commanded RC Throttle is 1551.000000
Error z is 336.294909
Time is 30.816109
Commanded RC Throttle is 1551.000000
Error z is 336.294909
Time is 30.834449
Commanded RC Throttle is 1516.000000
Error z is 336.294909
Time is 30.853484
Commanded RC Throttle is 1516.000000
Error z is 405.965635
Time is 30.871774
Commanded RC Throttle is 1516.000000
Error z is 402.298752
Time is 30.887590
Commanded RC Throttle is 1516.000000
Error z is 404.743336
Time is 30.903495
Commanded RC Throttle is 1516.000000
Error z is 404.743341
Time is 30.920695
Commanded RC Throttle is 1516.000000
Error z is 402.298747
Time is 30.936365
Commanded RC Throttle is 1516.000000
Error z is 403.521046
Time is 30.951969
Commanded RC Throttle is 1516.000000
Error z is 401.076457
Time is 30.969267
Commanded RC Throttle is 1516.000000
Error z is 385.186640
Time is 30.986621
Commanded RC Throttle is 1516.000000
Error z is 368.074538
Time is 31.002299
Commanded RC Throttle is 1516.000000
Error z is 368.074542
Time is 31.018240
Commanded RC Throttle is 1516.000000
Error z is 375.408301
Time is 31.034838
Commanded RC Throttle is 1516.000000
Error z is 369.296836
Time is 31.052977
Commanded RC Throttle is 1516.000000
Error z is 369.296836
Time is 31.071711
Commanded RC Throttle is 1516.000000
Error z is 370.519131
Time is 31.087793
Commanded RC Throttle is 1516.000000
Error z is 374.186006
Time is 31.104910
Commanded RC Throttle is 1516.000000
Error z is 371.741425
Time is 31.120545
Commanded RC Throttle is 1516.000000
Error z is 372.963716
Time is 31.136496
Commanded RC Throttle is 1516.000000
Error z is 369.296836
Time is 31.153260
Commanded RC Throttle is 1516.000000
Error z is 374.186002
Time is 31.170314
Commanded RC Throttle is 1516.000000
Error z is 393.742694
Time is 31.186395
Commanded RC Throttle is 1516.000000
Error z is 404.743341
Time is 31.205509
Commanded RC Throttle is 1516.000000
Error z is 404.743341
Time is 31.222869
Commanded RC Throttle is 1516.000000
Error z is 405.965635
Time is 31.238530
Commanded RC Throttle is 1516.000000
Error z is 407.187926
Time is 31.254142
Commanded RC Throttle is 1516.000000
Error z is 404.743341
Time is 31.270729
Commanded RC Throttle is 1558.000000
Error z is 405.965635
Time is 31.291200
Commanded RC Throttle is 1558.000000
Error z is 404.743341
Time is 31.307061
Commanded RC Throttle is 1558.000000
Error z is 404.743341
Time is 31.323018
Commanded RC Throttle is 1558.000000
Error z is 405.965635
Time is 31.340295
Commanded RC Throttle is 1558.000000
Error z is 405.965635
Time is 31.357586
Commanded RC Throttle is 1558.000000
Error z is 405.965635
Time is 31.373264
Commanded RC Throttle is 1558.000000
Error z is 404.743341
Time is 31.391375
Commanded RC Throttle is 1558.000000
Error z is 405.965635
Time is 31.408635
Commanded RC Throttle is 1558.000000
Error z is 404.743341
Time is 31.424363
Commanded RC Throttle is 1558.000000
Error z is 404.743341
Time is 31.440462
Commanded RC Throttle is 1558.000000
Error z is 405.965635
Time is 31.457784
Commanded RC Throttle is 1558.000000
Error z is 402.298752
Time is 31.473718
Commanded RC Throttle is 1558.000000
Error z is 405.965635
Time is 31.489989
Commanded RC Throttle is 1561.000000
Error z is 402.298752
Time is 31.509221
Commanded RC Throttle is 1561.000000
Error z is 405.965635
Time is 31.526687
Commanded RC Throttle is 1561.000000
Error z is 403.521046
Time is 31.542361
Commanded RC Throttle is 1561.000000
Error z is 404.743341
Time is 31.558490
Commanded RC Throttle is 1561.000000
Error z is 407.187926
Time is 31.575616
Commanded RC Throttle is 1561.000000
Error z is 403.521046
Time is 31.593469
Commanded RC Throttle is 1561.000000
Error z is 404.743341
Time is 31.609047
Commanded RC Throttle is 1561.000000
Error z is 404.743341
Time is 31.624909
Commanded RC Throttle is 1561.000000
Error z is 408.410216
Time is 31.642070
Commanded RC Throttle is 1561.000000
Error z is 405.965635
Time is 31.658125
Commanded RC Throttle is 1561.000000
Error z is 404.743341
Time is 31.673859
Commanded RC Throttle is 1561.000000
Error z is 405.965635
Time is 31.690039
Commanded RC Throttle is 1561.000000
Error z is 404.743341
Time is 31.707651
Commanded RC Throttle is 1568.000000
Error z is 404.743336
Time is 31.726748
Commanded RC Throttle is 1568.000000
Error z is 404.743341
Time is 31.742835
Commanded RC Throttle is 1568.000000
Error z is 404.743341
Time is 31.760109
Commanded RC Throttle is 1568.000000
Error z is 407.187926
Time is 31.775866
Commanded RC Throttle is 1568.000000
Error z is 407.187926
Time is 31.791678
Commanded RC Throttle is 1568.000000
Error z is 405.965635
Time is 31.807649
Commanded RC Throttle is 1568.000000
Error z is 407.187926
Time is 31.825066
Commanded RC Throttle is 1568.000000
Error z is 405.965635
Time is 31.842214
Commanded RC Throttle is 1568.000000
Error z is 405.965631
Time is 31.858275
Commanded RC Throttle is 1568.000000
Error z is 404.743336
Time is 31.875261
Commanded RC Throttle is 1568.000000
Error z is 405.965635
Time is 31.892079
Commanded RC Throttle is 1568.000000
Error z is 405.965635
Time is 31.907634
Commanded RC Throttle is 1568.000000
Error z is 402.298752
Time is 31.923947
Commanded RC Throttle is 1568.000000
Error z is 402.298752
Time is 31.943676
Commanded RC Throttle is 1564.000000
Error z is 405.965631
Time is 31.961413
Commanded RC Throttle is 1564.000000
Error z is 404.743336
Time is 31.977563
Commanded RC Throttle is 1564.000000
Error z is 405.965631
Time is 31.994338
Commanded RC Throttle is 1564.000000
Error z is 388.853520
Time is 32.011208
Commanded RC Throttle is 1564.000000
Error z is 374.186006
Time is 32.026830
Commanded RC Throttle is 1564.000000
Error z is 375.408301
Time is 32.043034
Commanded RC Throttle is 1564.000000
Error z is 368.074542
Time is 32.060276
Commanded RC Throttle is 1564.000000
Error z is 369.296832
Time is 32.076109
Commanded RC Throttle is 1564.000000
Error z is 370.519131
Time is 32.091800
Commanded RC Throttle is 1564.000000
Error z is 372.963720
Time is 32.107645
Commanded RC Throttle is 1564.000000
Error z is 372.963716
Time is 32.124975
Commanded RC Throttle is 1564.000000
Error z is 371.741421
Time is 32.141245
Commanded RC Throttle is 1564.000000
Error z is 372.963716
Time is 32.161554
Commanded RC Throttle is 1560.000000
Error z is 368.074542
Time is 32.179201
Commanded RC Throttle is 1560.000000
Error z is 371.741421
Time is 32.197183
Commanded RC Throttle is 1560.000000
Error z is 370.519131
Time is 32.212980
Commanded RC Throttle is 1560.000000
Error z is 375.408297
Time is 32.228905
Commanded RC Throttle is 1560.000000
Error z is 370.519127
Time is 32.246357
Commanded RC Throttle is 1560.000000
Error z is 372.963720
Time is 32.261990
Commanded RC Throttle is 1560.000000
Error z is 375.408297
Time is 32.278676
Commanded RC Throttle is 1560.000000
Error z is 372.963716
Time is 32.295797
Commanded RC Throttle is 1560.000000
Error z is 347.295535
Time is 32.312736
Commanded RC Throttle is 1560.000000
Error z is 343.628651
Time is 32.328322
Commanded RC Throttle is 1560.000000
Error z is 346.073240
Time is 32.344242
Commanded RC Throttle is 1560.000000
Error z is 343.628651
Time is 32.362018
Commanded RC Throttle is 1561.000000
Error z is 348.517829
Time is 32.381656
Commanded RC Throttle is 1561.000000
Error z is 341.184079
Time is 32.398162
Commanded RC Throttle is 1561.000000
Error z is 324.072013
Time is 32.415318
Commanded RC Throttle is 1561.000000
Error z is 320.405129
Time is 32.432437
Commanded RC Throttle is 1561.000000
Error z is 320.405129
Time is 32.448108
Commanded RC Throttle is 1561.000000
Error z is 325.294307
Time is 32.463945
Commanded RC Throttle is 1561.000000
Error z is 321.627424
Time is 32.481232
Commanded RC Throttle is 1561.000000
Error z is 315.515951
Time is 32.497155
Commanded RC Throttle is 1561.000000
Error z is 293.514649
Time is 32.513468
Commanded RC Throttle is 1561.000000
Error z is 294.736944
Time is 32.529546
Commanded RC Throttle is 1561.000000
Error z is 289.847766
Time is 32.546890
Commanded RC Throttle is 1561.000000
Error z is 289.847766
Time is 32.564595
Commanded RC Throttle is 1561.000000
Error z is 293.514649
Time is 32.580713
Commanded RC Throttle is 1561.000000
Error z is 293.514649
Time is 32.599569
Commanded RC Throttle is 1556.000000
Error z is 292.292355
Time is 32.618243
Commanded RC Throttle is 1556.000000
Error z is 292.292355
Time is 32.634068
Commanded RC Throttle is 1556.000000
Error z is 272.735708
Time is 32.650713
Commanded RC Throttle is 1556.000000
Error z is 267.846538
Time is 32.668487
Commanded RC Throttle is 1556.000000
Error z is 264.179655
Time is 32.684319
Commanded RC Throttle is 1556.000000
Error z is 248.289826
Time is 32.700849
Commanded RC Throttle is 1556.000000
Error z is 244.622942
Time is 32.718163
Commanded RC Throttle is 1556.000000
Error z is 243.400648
Time is 32.734289
Commanded RC Throttle is 1556.000000
Error z is 244.622942
Time is 32.750114
Commanded RC Throttle is 1556.000000
Error z is 244.622942
Time is 32.766623
Commanded RC Throttle is 1556.000000
Error z is 240.956059
Time is 32.783965
Commanded RC Throttle is 1556.000000
Error z is 242.178353
Time is 32.800239
Commanded RC Throttle is 1556.000000
Error z is 247.067531
Time is 32.819064
Commanded RC Throttle is 1556.000000
Error z is 244.622942
Time is 32.836731
Commanded RC Throttle is 1556.000000
Error z is 244.622942
Time is 32.856280
Commanded RC Throttle is 1556.000000
Error z is 243.400648
Time is 32.872184
Commanded RC Throttle is 1556.000000
Error z is 238.511478
Time is 32.888205
Commanded RC Throttle is 1556.000000
Error z is 215.287947
Time is 32.905957
Commanded RC Throttle is 1556.000000
Error z is 214.065653
Time is 32.921781
Commanded RC Throttle is 1556.000000
Error z is 215.287947
Time is 32.937832
Commanded RC Throttle is 1556.000000
Error z is 210.398769
Time is 32.955422
Commanded RC Throttle is 1556.000000
Error z is 215.287939
Time is 32.972202
Commanded RC Throttle is 1556.000000
Error z is 211.621064
Time is 32.988651
Commanded RC Throttle is 1556.000000
Error z is 210.398769
Time is 33.004671
Commanded RC Throttle is 1556.000000
Error z is 211.621064
Time is 33.022256
Commanded RC Throttle is 1547.000000
Error z is 217.732536
