Starting Log 1
Time is 3.069618
Commanded RC Throttle is 1078.000000
Error z is 832.545858
Time is 3.089010
Commanded RC Throttle is 1078.000000
Error z is 834.990442
Time is 3.108040
Commanded RC Throttle is 1078.000000
Error z is 832.545857
Time is 3.129004
Commanded RC Throttle is 1078.000000
Error z is 833.768149
Time is 3.147597
Commanded RC Throttle is 1078.000000
Error z is 834.990444
Time is 3.166810
Commanded RC Throttle is 1078.000000
Error z is 832.545857
Time is 3.187699
Commanded RC Throttle is 1078.000000
Error z is 837.435029
Time is 3.208201
Commanded RC Throttle is 1078.000000
Error z is 827.656687
Time is 3.227322
Commanded RC Throttle is 1078.000000
Error z is 833.768149
Time is 3.248086
Commanded RC Throttle is 1078.000000
Error z is 832.545857
Time is 3.266707
Commanded RC Throttle is 1078.000000
Error z is 832.545857
Time is 3.286065
Commanded RC Throttle is 1078.000000
Error z is 834.990443
Time is 3.311106
Commanded RC Throttle is 1078.000000
Error z is 831.323564
Time is 3.332565
Commanded RC Throttle is 1078.000000
Error z is 833.768150
Time is 3.351689
Commanded RC Throttle is 1078.000000
Error z is 830.101272
Time is 3.372325
Commanded RC Throttle is 1078.000000
Error z is 832.545857
Time is 3.391241
Commanded RC Throttle is 1078.000000
Error z is 834.990442
Time is 3.410458
Commanded RC Throttle is 1078.000000
Error z is 833.768150
Time is 3.431261
Commanded RC Throttle is 1078.000000
Error z is 833.768149
Time is 3.449709
Commanded RC Throttle is 1078.000000
Error z is 833.768149
Time is 3.469770
Commanded RC Throttle is 1078.000000
Error z is 832.545857
Time is 3.487307
Commanded RC Throttle is 1078.000000
Error z is 831.323564
Time is 3.504532
Commanded RC Throttle is 1617.000000
Error z is 837.435029
Time is 3.524413
Commanded RC Throttle is 1617.000000
Error z is 831.323564
Time is 3.541607
Commanded RC Throttle is 1617.000000
Error z is 836.212735
Time is 3.557298
Commanded RC Throttle is 1617.000000
Error z is 831.323564
Time is 3.572984
Commanded RC Throttle is 1617.000000
Error z is 827.656687
Time is 3.588921
Commanded RC Throttle is 1617.000000
Error z is 831.323566
Time is 3.606150
Commanded RC Throttle is 1617.000000
Error z is 834.990442
Time is 3.621899
Commanded RC Throttle is 1617.000000
Error z is 834.990442
Time is 3.637652
Commanded RC Throttle is 1617.000000
Error z is 834.990442
Time is 3.654814
Commanded RC Throttle is 1617.000000
Error z is 831.323566
Time is 3.671723
Commanded RC Throttle is 1617.000000
Error z is 832.545857
Time is 3.687186
Commanded RC Throttle is 1617.000000
Error z is 831.323564
Time is 3.703345
Commanded RC Throttle is 1617.000000
Error z is 830.101272
Time is 3.725903
Commanded RC Throttle is 1614.000000
Error z is 832.545857
Time is 3.745179
Commanded RC Throttle is 1614.000000
Error z is 832.545857
Time is 3.761173
Commanded RC Throttle is 1614.000000
Error z is 832.545858
Time is 3.777867
Commanded RC Throttle is 1614.000000
Error z is 834.990443
Time is 3.794750
Commanded RC Throttle is 1614.000000
Error z is 831.323566
Time is 3.810180
Commanded RC Throttle is 1614.000000
Error z is 834.990443
Time is 3.826333
Commanded RC Throttle is 1614.000000
Error z is 834.990444
Time is 3.844756
Commanded RC Throttle is 1614.000000
Error z is 831.323566
Time is 3.860369
Commanded RC Throttle is 1614.000000
Error z is 831.323564
Time is 3.876544
Commanded RC Throttle is 1614.000000
Error z is 833.768149
Time is 3.893269
Commanded RC Throttle is 1614.000000
Error z is 832.545857
Time is 3.910309
Commanded RC Throttle is 1614.000000
Error z is 833.768149
Time is 3.926324
Commanded RC Throttle is 1614.000000
Error z is 831.323564
Time is 3.942366
Commanded RC Throttle is 1614.000000
Error z is 831.323564
Time is 3.960305
Commanded RC Throttle is 1615.000000
Error z is 834.990444
Time is 3.979732
Commanded RC Throttle is 1615.000000
Error z is 833.768150
Time is 3.996938
Commanded RC Throttle is 1615.000000
Error z is 834.990443
Time is 4.014122
Commanded RC Throttle is 1615.000000
Error z is 833.768150
Time is 4.031540
Commanded RC Throttle is 1615.000000
Error z is 837.435029
Time is 4.047690
Commanded RC Throttle is 1615.000000
Error z is 834.990442
Time is 4.063757
Commanded RC Throttle is 1615.000000
Error z is 832.545858
Time is 4.081122
Commanded RC Throttle is 1615.000000
Error z is 833.768149
Time is 4.096686
Commanded RC Throttle is 1615.000000
Error z is 830.101272
Time is 4.112290
Commanded RC Throttle is 1615.000000
Error z is 828.878980
Time is 4.128129
Commanded RC Throttle is 1615.000000
Error z is 832.545857
Time is 4.145395
Commanded RC Throttle is 1615.000000
Error z is 831.323564
Time is 4.161421
Commanded RC Throttle is 1615.000000
Error z is 831.323566
Time is 4.180081
Commanded RC Throttle is 1613.000000
Error z is 832.545857
Time is 4.197713
Commanded RC Throttle is 1613.000000
Error z is 832.545857
Time is 4.215076
Commanded RC Throttle is 1613.000000
Error z is 832.545857
Time is 4.235310
Commanded RC Throttle is 1613.000000
Error z is 830.101272
Time is 4.251147
Commanded RC Throttle is 1613.000000
Error z is 832.545857
Time is 4.268447
Commanded RC Throttle is 1613.000000
Error z is 832.545857
Time is 4.284105
Commanded RC Throttle is 1613.000000
Error z is 832.545857
Time is 4.300107
Commanded RC Throttle is 1613.000000
Error z is 828.878980
Time is 4.316727
Commanded RC Throttle is 1613.000000
Error z is 832.545857
Time is 4.334015
Commanded RC Throttle is 1613.000000
Error z is 831.323564
Time is 4.349743
Commanded RC Throttle is 1613.000000
Error z is 831.323564
Time is 4.365721
Commanded RC Throttle is 1613.000000
Error z is 833.768149
Time is 4.383730
Commanded RC Throttle is 1616.000000
Error z is 830.101272
Time is 4.405322
Commanded RC Throttle is 1616.000000
Error z is 834.990442
Time is 4.421319
Commanded RC Throttle is 1616.000000
Error z is 833.768149
Time is 4.439059
Commanded RC Throttle is 1616.000000
Error z is 831.323564
Time is 4.454593
Commanded RC Throttle is 1616.000000
Error z is 834.990443
Time is 4.470250
Commanded RC Throttle is 1616.000000
Error z is 833.768150
Time is 4.486220
Commanded RC Throttle is 1616.000000
Error z is 837.435029
Time is 4.503566
Commanded RC Throttle is 1616.000000
Error z is 833.768149
Time is 4.519149
Commanded RC Throttle is 1616.000000
Error z is 830.101272
Time is 4.535076
Commanded RC Throttle is 1616.000000
Error z is 827.656687
Time is 4.551133
Commanded RC Throttle is 1616.000000
Error z is 831.323564
Time is 4.568322
Commanded RC Throttle is 1616.000000
Error z is 832.545857
Time is 4.584028
Commanded RC Throttle is 1616.000000
Error z is 831.323564
Time is 4.600134
Commanded RC Throttle is 1616.000000
Error z is 832.545858
Time is 4.617103
Commanded RC Throttle is 1617.000000
Error z is 832.545857
Time is 4.637150
Commanded RC Throttle is 1617.000000
Error z is 836.212735
Time is 4.652790
Commanded RC Throttle is 1617.000000
Error z is 832.545857
Time is 4.668628
Commanded RC Throttle is 1617.000000
Error z is 832.545857
Time is 4.685939
Commanded RC Throttle is 1617.000000
Error z is 828.878980
Time is 4.701520
Commanded RC Throttle is 1617.000000
Error z is 833.768149
Time is 4.717231
Commanded RC Throttle is 1617.000000
Error z is 830.101272
Time is 4.733485
Commanded RC Throttle is 1617.000000
Error z is 833.768149
Time is 4.750317
Commanded RC Throttle is 1617.000000
Error z is 831.323564
Time is 4.765985
Commanded RC Throttle is 1617.000000
Error z is 832.545857
Time is 4.782049
Commanded RC Throttle is 1617.000000
Error z is 832.545857
Time is 4.798486
Commanded RC Throttle is 1617.000000
Error z is 830.101272
Time is 4.815774
Commanded RC Throttle is 1617.000000
Error z is 830.101272
Time is 4.833932
Commanded RC Throttle is 1617.000000
Error z is 831.323566
Time is 4.853418
Commanded RC Throttle is 1617.000000
Error z is 832.545857
Time is 4.870676
Commanded RC Throttle is 1617.000000
Error z is 828.878980
Time is 4.886289
Commanded RC Throttle is 1617.000000
Error z is 832.545857
Time is 4.902403
Commanded RC Throttle is 1617.000000
Error z is 831.323564
Time is 4.920230
Commanded RC Throttle is 1617.000000
Error z is 832.545858
Time is 4.935889
Commanded RC Throttle is 1617.000000
Error z is 833.768149
Time is 4.951917
Commanded RC Throttle is 1617.000000
Error z is 834.990443
Time is 4.967851
Commanded RC Throttle is 1617.000000
Error z is 832.545858
Time is 4.985150
Commanded RC Throttle is 1617.000000
Error z is 831.323564
Time is 5.000869
Commanded RC Throttle is 1617.000000
Error z is 827.656687
Time is 5.016496
Commanded RC Throttle is 1617.000000
Error z is 833.768150
Time is 5.032404
Commanded RC Throttle is 1617.000000
Error z is 831.323566
Time is 5.051197
Commanded RC Throttle is 1615.000000
Error z is 832.545857
Time is 5.070176
Commanded RC Throttle is 1615.000000
Error z is 831.323564
Time is 5.086326
Commanded RC Throttle is 1615.000000
Error z is 834.990443
Time is 5.103732
Commanded RC Throttle is 1615.000000
Error z is 833.768149
Time is 5.119665
Commanded RC Throttle is 1615.000000
Error z is 831.323564
Time is 5.135655
Commanded RC Throttle is 1615.000000
Error z is 832.545857
Time is 5.151911
Commanded RC Throttle is 1615.000000
Error z is 832.545857
Time is 5.169367
Commanded RC Throttle is 1615.000000
Error z is 833.768149
Time is 5.185071
Commanded RC Throttle is 1615.000000
Error z is 832.545858
Time is 5.202819
Commanded RC Throttle is 1615.000000
Error z is 834.990443
Time is 5.220264
Commanded RC Throttle is 1615.000000
Error z is 831.323564
Time is 5.235862
Commanded RC Throttle is 1615.000000
Error z is 832.545857
Time is 5.251426
Commanded RC Throttle is 1615.000000
Error z is 831.323566
Time is 5.267819
Commanded RC Throttle is 1615.000000
Error z is 831.323564
Time is 5.287439
Commanded RC Throttle is 1615.000000
Error z is 827.656687
Time is 5.305016
Commanded RC Throttle is 1615.000000
Error z is 830.101272
Time is 5.321101
Commanded RC Throttle is 1615.000000
Error z is 830.101272
Time is 5.338126
Commanded RC Throttle is 1615.000000
Error z is 831.323564
Time is 5.355421
Commanded RC Throttle is 1615.000000
Error z is 832.545858
Time is 5.371241
Commanded RC Throttle is 1615.000000
Error z is 831.323566
Time is 5.387162
Commanded RC Throttle is 1615.000000
Error z is 832.545858
Time is 5.404514
Commanded RC Throttle is 1615.000000
Error z is 830.101272
Time is 5.420188
Commanded RC Throttle is 1615.000000
Error z is 830.101272
Time is 5.435866
Commanded RC Throttle is 1615.000000
Error z is 830.101272
Time is 5.451680
Commanded RC Throttle is 1615.000000
Error z is 830.101272
Time is 5.469157
Commanded RC Throttle is 1615.000000
Error z is 827.656687
Time is 5.485292
Commanded RC Throttle is 1616.000000
Error z is 834.990444
Time is 5.505349
Commanded RC Throttle is 1616.000000
Error z is 828.878980
Time is 5.522945
Commanded RC Throttle is 1616.000000
Error z is 831.323564
Time is 5.538674
Commanded RC Throttle is 1616.000000
Error z is 831.323564
Time is 5.554759
Commanded RC Throttle is 1616.000000
Error z is 830.101272
Time is 5.570691
Commanded RC Throttle is 1616.000000
Error z is 828.878980
Time is 5.588215
Commanded RC Throttle is 1616.000000
Error z is 833.768150
Time is 5.605551
Commanded RC Throttle is 1616.000000
Error z is 832.545857
Time is 5.621778
Commanded RC Throttle is 1616.000000
Error z is 830.101272
Time is 5.638968
Commanded RC Throttle is 1616.000000
Error z is 831.323564
Time is 5.654650
Commanded RC Throttle is 1616.000000
Error z is 831.323564
Time is 5.670242
Commanded RC Throttle is 1616.000000
Error z is 831.323566
Time is 5.686171
Commanded RC Throttle is 1616.000000
Error z is 832.545857
Time is 5.703896
Commanded RC Throttle is 1616.000000
Error z is 832.545857
Time is 5.722127
Commanded RC Throttle is 1612.000000
Error z is 827.656687
Time is 5.740232
Commanded RC Throttle is 1612.000000
Error z is 831.323564
Time is 5.756756
Commanded RC Throttle is 1612.000000
Error z is 830.101272
Time is 5.773726
Commanded RC Throttle is 1612.000000
Error z is 832.545857
Time is 5.789382
Commanded RC Throttle is 1612.000000
Error z is 828.878980
Time is 5.805402
Commanded RC Throttle is 1612.000000
Error z is 831.323564
Time is 5.823067
Commanded RC Throttle is 1612.000000
Error z is 831.323566
Time is 5.840309
Commanded RC Throttle is 1612.000000
Error z is 830.101272
Time is 5.856053
Commanded RC Throttle is 1612.000000
Error z is 828.878980
Time is 5.874150
Commanded RC Throttle is 1612.000000
Error z is 830.101272
Time is 5.891196
Commanded RC Throttle is 1612.000000
Error z is 831.323566
Time is 5.906990
Commanded RC Throttle is 1612.000000
Error z is 826.434395
Time is 5.923103
Commanded RC Throttle is 1612.000000
Error z is 833.768149
Time is 5.941874
Commanded RC Throttle is 1616.000000
Error z is 831.323564
Time is 5.960597
Commanded RC Throttle is 1616.000000
Error z is 828.878980
Time is 5.976732
Commanded RC Throttle is 1616.000000
Error z is 832.545857
Time is 5.993184
Commanded RC Throttle is 1616.000000
Error z is 833.768150
Time is 6.010108
Commanded RC Throttle is 1616.000000
Error z is 832.545857
Time is 6.025760
Commanded RC Throttle is 1616.000000
Error z is 830.101272
Time is 6.041801
Commanded RC Throttle is 1616.000000
Error z is 830.101272
Time is 6.059501
Commanded RC Throttle is 1616.000000
Error z is 828.878980
Time is 6.075526
Commanded RC Throttle is 1616.000000
Error z is 831.323564
Time is 6.091356
Commanded RC Throttle is 1616.000000
Error z is 833.768149
Time is 6.107408
Commanded RC Throttle is 1616.000000
Error z is 831.323566
Time is 6.125456
Commanded RC Throttle is 1616.000000
Error z is 833.768149
Time is 6.141479
Commanded RC Throttle is 1616.000000
Error z is 828.878980
Time is 6.160466
Commanded RC Throttle is 1618.000000
Error z is 830.101272
Time is 6.178510
Commanded RC Throttle is 1618.000000
Error z is 832.545857
Time is 6.195730
Commanded RC Throttle is 1618.000000
Error z is 834.990444
Time is 6.211402
Commanded RC Throttle is 1618.000000
Error z is 828.878980
Time is 6.228055
Commanded RC Throttle is 1618.000000
Error z is 836.212735
Time is 6.245624
Commanded RC Throttle is 1618.000000
Error z is 832.545857
Time is 6.261284
Commanded RC Throttle is 1618.000000
Error z is 830.101272
Time is 6.277725
Commanded RC Throttle is 1618.000000
Error z is 832.545857
Time is 6.295113
Commanded RC Throttle is 1618.000000
Error z is 827.656687
Time is 6.312168
Commanded RC Throttle is 1618.000000
Error z is 832.545857
Time is 6.327773
Commanded RC Throttle is 1618.000000
Error z is 832.545857
Time is 6.343939
Commanded RC Throttle is 1618.000000
Error z is 831.323564
Time is 6.361480
Commanded RC Throttle is 1618.000000
Error z is 832.545857
Time is 6.380002
Commanded RC Throttle is 1614.000000
Error z is 832.545859
Time is 6.399035
Commanded RC Throttle is 1614.000000
Error z is 831.323564
Time is 6.416147
Commanded RC Throttle is 1614.000000
Error z is 830.101272
Time is 6.433101
Commanded RC Throttle is 1614.000000
Error z is 831.323564
Time is 6.448718
Commanded RC Throttle is 1614.000000
Error z is 827.656687
Time is 6.464991
Commanded RC Throttle is 1614.000000
Error z is 832.545857
Time is 6.482827
Commanded RC Throttle is 1614.000000
Error z is 832.545857
Time is 6.505941
Commanded RC Throttle is 1614.000000
Error z is 830.101272
Time is 6.522338
Commanded RC Throttle is 1614.000000
Error z is 830.101272
Time is 6.539591
Commanded RC Throttle is 1614.000000
Error z is 833.768150
Time is 6.555209
Commanded RC Throttle is 1614.000000
Error z is 832.545857
Time is 6.570757
Commanded RC Throttle is 1614.000000
Error z is 831.323566
Time is 6.587469
Commanded RC Throttle is 1614.000000
Error z is 831.323566
Time is 6.607001
Commanded RC Throttle is 1616.000000
Error z is 830.101272
Time is 6.624532
Commanded RC Throttle is 1616.000000
Error z is 826.434395
Time is 6.640660
Commanded RC Throttle is 1616.000000
Error z is 830.101272
Time is 6.657669
Commanded RC Throttle is 1616.000000
Error z is 826.434395
Time is 6.674688
Commanded RC Throttle is 1616.000000
Error z is 828.878980
Time is 6.690358
Commanded RC Throttle is 1616.000000
Error z is 832.545857
Time is 6.706315
Commanded RC Throttle is 1616.000000
Error z is 834.990444
Time is 6.723580
Commanded RC Throttle is 1616.000000
Error z is 828.878980
Time is 6.739202
Commanded RC Throttle is 1616.000000
Error z is 827.656687
Time is 6.754806
Commanded RC Throttle is 1616.000000
Error z is 831.323564
Time is 6.770778
Commanded RC Throttle is 1616.000000
Error z is 830.101272
Time is 6.788084
Commanded RC Throttle is 1616.000000
Error z is 828.878980
Time is 6.806271
Commanded RC Throttle is 1614.000000
Error z is 831.323566
Time is 6.825859
Commanded RC Throttle is 1614.000000
Error z is 827.656687
Time is 6.844489
Commanded RC Throttle is 1614.000000
Error z is 828.878980
Time is 6.860193
Commanded RC Throttle is 1614.000000
Error z is 828.878980
Time is 6.875796
Commanded RC Throttle is 1614.000000
Error z is 830.101272
Time is 6.891671
Commanded RC Throttle is 1614.000000
Error z is 830.101272
Time is 6.908839
Commanded RC Throttle is 1614.000000
Error z is 830.101272
Time is 6.924619
Commanded RC Throttle is 1614.000000
Error z is 832.545857
Time is 6.947610
Commanded RC Throttle is 1614.000000
Error z is 764.097462
Time is 6.965580
Commanded RC Throttle is 1614.000000
Error z is 755.541412
Time is 6.981264
Commanded RC Throttle is 1614.000000
Error z is 755.541412
Time is 6.997196
Commanded RC Throttle is 1614.000000
Error z is 755.541412
Time is 7.014050
Commanded RC Throttle is 1614.000000
Error z is 754.319120
Time is 7.031353
Commanded RC Throttle is 1614.000000
Error z is 751.874533
Time is 7.050359
Commanded RC Throttle is 1614.000000
Error z is 753.096825
Time is 7.066426
Commanded RC Throttle is 1614.000000
Error z is 753.096828
Time is 7.083590
Commanded RC Throttle is 1614.000000
Error z is 753.096828
Time is 7.099600
Commanded RC Throttle is 1614.000000
Error z is 749.429950
Time is 7.115346
Commanded RC Throttle is 1614.000000
Error z is 749.429948
Time is 7.131283
Commanded RC Throttle is 1614.000000
Error z is 751.874535
Time is 7.148832
Commanded RC Throttle is 1614.000000
Error z is 755.541410
Time is 7.164667
Commanded RC Throttle is 1614.000000
Error z is 755.541412
Time is 7.182001
Commanded RC Throttle is 1614.000000
Error z is 753.096828
Time is 7.199703
Commanded RC Throttle is 1614.000000
Error z is 753.096828
Time is 7.215270
Commanded RC Throttle is 1614.000000
Error z is 751.874535
Time is 7.230866
Commanded RC Throttle is 1614.000000
Error z is 751.874535
Time is 7.247388
Commanded RC Throttle is 1614.000000
Error z is 753.096828
Time is 7.266806
Commanded RC Throttle is 1606.000000
Error z is 753.096828
Time is 7.284216
Commanded RC Throttle is 1606.000000
Error z is 751.874535
Time is 7.300302
Commanded RC Throttle is 1606.000000
Error z is 751.874535
Time is 7.317264
Commanded RC Throttle is 1606.000000
Error z is 753.096828
Time is 7.334293
Commanded RC Throttle is 1606.000000
Error z is 749.429950
Time is 7.349979
Commanded RC Throttle is 1606.000000
Error z is 751.874535
Time is 7.365816
Commanded RC Throttle is 1606.000000
Error z is 750.652243
Time is 7.383200
Commanded RC Throttle is 1606.000000
Error z is 750.652243
Time is 7.399152
Commanded RC Throttle is 1606.000000
Error z is 753.096828
Time is 7.414889
Commanded RC Throttle is 1606.000000
Error z is 749.429950
Time is 7.430792
Commanded RC Throttle is 1606.000000
Error z is 749.429948
Time is 7.447985
Commanded RC Throttle is 1606.000000
Error z is 750.652243
Time is 7.464092
Commanded RC Throttle is 1607.000000
Error z is 750.652243
Time is 7.483732
Commanded RC Throttle is 1607.000000
Error z is 750.652243
Time is 7.501996
Commanded RC Throttle is 1607.000000
Error z is 753.096828
Time is 7.517743
Commanded RC Throttle is 1607.000000
Error z is 750.652243
Time is 7.533421
Commanded RC Throttle is 1607.000000
Error z is 751.874535
Time is 7.549302
Commanded RC Throttle is 1607.000000
Error z is 750.652241
Time is 7.566713
Commanded RC Throttle is 1607.000000
Error z is 749.429950
Time is 7.582344
Commanded RC Throttle is 1607.000000
Error z is 751.874535
Time is 7.599589
Commanded RC Throttle is 1607.000000
Error z is 754.319120
Time is 7.616715
Commanded RC Throttle is 1607.000000
Error z is 749.429950
Time is 7.633657
Commanded RC Throttle is 1607.000000
Error z is 727.428667
Time is 7.649282
Commanded RC Throttle is 1607.000000
Error z is 727.428667
Time is 7.665177
Commanded RC Throttle is 1607.000000
Error z is 724.984082
Time is 7.683144
Commanded RC Throttle is 1607.000000
Error z is 724.984082
Time is 7.701505
Commanded RC Throttle is 1608.000000
Error z is 724.984082
Time is 7.719303
Commanded RC Throttle is 1608.000000
Error z is 724.984082
Time is 7.735962
Commanded RC Throttle is 1608.000000
Error z is 695.649050
Time is 7.752932
Commanded RC Throttle is 1608.000000
Error z is 704.205108
Time is 7.768584
Commanded RC Throttle is 1608.000000
Error z is 699.315934
Time is 7.784480
Commanded RC Throttle is 1608.000000
Error z is 702.982816
Time is 7.801678
Commanded RC Throttle is 1608.000000
Error z is 695.649050
Time is 7.817788
Commanded RC Throttle is 1608.000000
Error z is 699.315934
Time is 7.834965
Commanded RC Throttle is 1608.000000
Error z is 672.425473
Time is 7.851047
Commanded RC Throttle is 1608.000000
Error z is 672.425473
Time is 7.868236
Commanded RC Throttle is 1608.000000
Error z is 668.758593
Time is 7.884308
Commanded RC Throttle is 1608.000000
Error z is 674.870062
Time is 7.900348
Commanded RC Throttle is 1608.000000
Error z is 672.425473
Time is 7.917263
Commanded RC Throttle is 1602.000000
Error z is 665.091722
Time is 7.937147
Commanded RC Throttle is 1602.000000
Error z is 645.535038
Time is 7.952768
Commanded RC Throttle is 1602.000000
Error z is 645.535038
Time is 7.968729
Commanded RC Throttle is 1602.000000
Error z is 643.090458
Time is 7.985913
Commanded RC Throttle is 1602.000000
Error z is 647.979619
Time is 8.003175
Commanded RC Throttle is 1602.000000
Error z is 647.979619
Time is 8.019773
Commanded RC Throttle is 1602.000000
Error z is 630.867525
Time is 8.036394
Commanded RC Throttle is 1602.000000
Error z is 619.866886
Time is 8.053232
Commanded RC Throttle is 1602.000000
Error z is 619.866882
Time is 8.068861
Commanded RC Throttle is 1602.000000
Error z is 616.200003
Time is 8.084740
Commanded RC Throttle is 1602.000000
Error z is 616.199998
Time is 8.101939
Commanded RC Throttle is 1602.000000
Error z is 619.866882
Time is 8.117952
Commanded RC Throttle is 1602.000000
Error z is 605.199376
Time is 8.135230
Commanded RC Throttle is 1595.000000
Error z is 597.865617
Time is 8.154176
Commanded RC Throttle is 1595.000000
Error z is 594.198738
Time is 8.171357
Commanded RC Throttle is 1595.000000
Error z is 574.642054
Time is 8.186996
Commanded RC Throttle is 1595.000000
Error z is 566.085997
Time is 8.203230
Commanded RC Throttle is 1595.000000
Error z is 570.975175
Time is 8.220240
Commanded RC Throttle is 1595.000000
Error z is 569.752880
Time is 8.240196
Commanded RC Throttle is 1595.000000
Error z is 566.085997
Time is 8.256988
Commanded RC Throttle is 1595.000000
Error z is 569.752880
Time is 8.273712
Commanded RC Throttle is 1595.000000
Error z is 545.307023
Time is 8.290680
Commanded RC Throttle is 1595.000000
Error z is 540.417849
Time is 8.306203
Commanded RC Throttle is 1595.000000
Error z is 539.195554
Time is 8.322709
Commanded RC Throttle is 1595.000000
Error z is 544.084732
Time is 8.340359
Commanded RC Throttle is 1595.000000
Error z is 540.417849
Time is 8.358363
Commanded RC Throttle is 1582.000000
Error z is 534.306380
Time is 8.375921
Commanded RC Throttle is 1582.000000
Error z is 513.527406
Time is 8.392251
Commanded RC Throttle is 1582.000000
Error z is 514.749696
Time is 8.409627
Commanded RC Throttle is 1582.000000
Error z is 513.527402
Time is 8.425758
Commanded RC Throttle is 1582.000000
Error z is 512.305111
Time is 8.441865
Commanded RC Throttle is 1582.000000
Error z is 513.527406
Time is 8.459257
Commanded RC Throttle is 1582.000000
Error z is 506.193651
Time is 8.474947
Commanded RC Throttle is 1582.000000
Error z is 486.636963
Time is 8.490559
Commanded RC Throttle is 1582.000000
Error z is 485.414669
Time is 8.506463
Commanded RC Throttle is 1582.000000
Error z is 481.747785
Time is 8.524317
Commanded RC Throttle is 1582.000000
Error z is 463.413396
Time is 8.539972
Commanded RC Throttle is 1582.000000
Error z is 459.746516
Time is 8.555615
Commanded RC Throttle is 1582.000000
Error z is 457.301931
Time is 8.571852
Commanded RC Throttle is 1580.000000
Error z is 458.524226
Time is 8.592486
Commanded RC Throttle is 1580.000000
Error z is 458.524226
Time is 8.608173
Commanded RC Throttle is 1580.000000
Error z is 448.745874
Time is 8.624343
Commanded RC Throttle is 1580.000000
Error z is 434.078352
Time is 8.641508
Commanded RC Throttle is 1580.000000
Error z is 435.300646
Time is 8.657106
Commanded RC Throttle is 1580.000000
Error z is 437.745223
Time is 8.672702
Commanded RC Throttle is 1580.000000
Error z is 437.745227
Time is 8.688555
Commanded RC Throttle is 1580.000000
Error z is 435.300646
Time is 8.705882
Commanded RC Throttle is 1580.000000
Error z is 426.744597
Time is 8.724831
Commanded RC Throttle is 1580.000000
Error z is 409.632506
Time is 8.741276
Commanded RC Throttle is 1580.000000
Error z is 407.187926
Time is 8.757982
Commanded RC Throttle is 1580.000000
Error z is 407.187926
Time is 8.774892
Commanded RC Throttle is 1580.000000
Error z is 407.187926
Time is 8.791031
Commanded RC Throttle is 1568.000000
Error z is 407.187926
Time is 8.811633
Commanded RC Throttle is 1568.000000
Error z is 380.297462
Time is 8.829274
Commanded RC Throttle is 1568.000000
Error z is 377.852882
Time is 8.846573
Commanded RC Throttle is 1568.000000
Error z is 375.408297
Time is 8.862617
Commanded RC Throttle is 1568.000000
Error z is 377.852882
Time is 8.879842
Commanded RC Throttle is 1568.000000
Error z is 377.852886
Time is 8.895541
Commanded RC Throttle is 1568.000000
Error z is 374.186006
Time is 8.911030
Commanded RC Throttle is 1568.000000
Error z is 349.740124
Time is 8.926904
Commanded RC Throttle is 1568.000000
Error z is 353.407007
Time is 8.944195
Commanded RC Throttle is 1568.000000
Error z is 346.073240
Time is 8.959842
Commanded RC Throttle is 1568.000000
Error z is 354.629302
Time is 8.975467
Commanded RC Throttle is 1568.000000
Error z is 350.962418
Time is 8.991336
Commanded RC Throttle is 1568.000000
Error z is 348.517829
Time is 9.009002
Commanded RC Throttle is 1563.000000
Error z is 326.516602
Time is 9.027916
Commanded RC Throttle is 1563.000000
Error z is 324.072013
Time is 9.044317
Commanded RC Throttle is 1563.000000
Error z is 325.294307
Time is 9.061592
Commanded RC Throttle is 1563.000000
Error z is 327.738896
Time is 9.077125
Commanded RC Throttle is 1563.000000
Error z is 325.294307
Time is 9.092762
Commanded RC Throttle is 1563.000000
Error z is 321.627424
Time is 9.108667
Commanded RC Throttle is 1563.000000
Error z is 298.403828
Time is 9.125877
Commanded RC Throttle is 1563.000000
Error z is 298.403828
Time is 9.141768
Commanded RC Throttle is 1563.000000
Error z is 297.181533
Time is 9.157598
Commanded RC Throttle is 1563.000000
Error z is 293.514649
Time is 9.174743
Commanded RC Throttle is 1563.000000
Error z is 293.514649
Time is 9.191839
Commanded RC Throttle is 1563.000000
Error z is 288.625488
Time is 9.208968
Commanded RC Throttle is 1563.000000
Error z is 275.180281
Time is 9.225490
Commanded RC Throttle is 1563.000000
Error z is 269.068833
Time is 9.244153
Commanded RC Throttle is 1557.000000
Error z is 270.291119
Time is 9.262777
Commanded RC Throttle is 1557.000000
Error z is 271.513414
Time is 9.278513
Commanded RC Throttle is 1557.000000
Error z is 267.846538
Time is 9.295732
Commanded RC Throttle is 1557.000000
Error z is 251.956709
Time is 9.312820
Commanded RC Throttle is 1557.000000
Error z is 249.512120
Time is 9.329231
Commanded RC Throttle is 1557.000000
Error z is 249.512120
Time is 9.345266
Commanded RC Throttle is 1557.000000
Error z is 248.289826
Time is 9.362378
Commanded RC Throttle is 1557.000000
Error z is 245.845237
Time is 9.377917
Commanded RC Throttle is 1557.000000
Error z is 244.622942
Time is 9.393834
Commanded RC Throttle is 1557.000000
Error z is 226.288565
Time is 9.409771
Commanded RC Throttle is 1557.000000
Error z is 218.954831
Time is 9.426905
Commanded RC Throttle is 1557.000000
Error z is 216.510242
Time is 9.443342
Commanded RC Throttle is 1557.000000
Error z is 217.732536
Time is 9.461905
Commanded RC Throttle is 1546.000000
Error z is 215.287947
Time is 9.479471
Commanded RC Throttle is 1546.000000
Error z is 217.732520
Time is 9.497543
Commanded RC Throttle is 1546.000000
Error z is 189.619762
Time is 9.513291
Commanded RC Throttle is 1546.000000
Error z is 185.952879
Time is 9.529299
Commanded RC Throttle is 1546.000000
Error z is 193.286646
Time is 9.546455
Commanded RC Throttle is 1546.000000
Error z is 188.397468
Time is 9.562100
Commanded RC Throttle is 1546.000000
Error z is 188.397468
Time is 9.577770
Commanded RC Throttle is 1546.000000
Error z is 188.397468
Time is 9.594621
Commanded RC Throttle is 1546.000000
Error z is 167.618510
Time is 9.611636
Commanded RC Throttle is 1546.000000
Error z is 165.173937
Time is 9.627328
Commanded RC Throttle is 1546.000000
Error z is 163.951651
Time is 9.643371
Commanded RC Throttle is 1546.000000
Error z is 138.283466
Time is 9.660954
Commanded RC Throttle is 1546.000000
Error z is 140.728055
Time is 9.679391
Commanded RC Throttle is 1543.000000
Error z is 137.061171
Time is 9.697065
Commanded RC Throttle is 1543.000000
Error z is 135.838877
Time is 9.713697
Commanded RC Throttle is 1543.000000
Error z is 139.505760
Time is 9.730784
Commanded RC Throttle is 1543.000000
Error z is 129.727404
Time is 9.746399
Commanded RC Throttle is 1543.000000
Error z is 115.059870
Time is 9.762543
Commanded RC Throttle is 1543.000000
Error z is 113.837575
Time is 9.779833
Commanded RC Throttle is 1543.000000
Error z is 116.282165
Time is 9.795665
Commanded RC Throttle is 1543.000000
Error z is 110.170692
Time is 9.811416
Commanded RC Throttle is 1543.000000
Error z is 111.392986
Time is 9.827379
Commanded RC Throttle is 1543.000000
Error z is 105.281547
Time is 9.845902
Commanded RC Throttle is 1543.000000
Error z is 86.947170
Time is 9.861966
Commanded RC Throttle is 1543.000000
Error z is 89.391759
Time is 9.878475
Commanded RC Throttle is 1543.000000
Error z is 86.947170
Time is 9.895728
Commanded RC Throttle is 1534.000000
Error z is 86.947170
Time is 9.915621
Commanded RC Throttle is 1534.000000
Error z is 86.947170
Time is 9.931276
Commanded RC Throttle is 1534.000000
Error z is 86.947170
Time is 9.947268
Commanded RC Throttle is 1534.000000
Error z is 86.947170
Time is 9.964412
Commanded RC Throttle is 1534.000000
Error z is 86.947170
Time is 9.980025
Commanded RC Throttle is 1534.000000
Error z is 71.057341
Time is 9.995606
Commanded RC Throttle is 1534.000000
Error z is 61.278985
Time is 10.013607
Commanded RC Throttle is 1534.000000
Error z is 58.834396
Time is 10.030802
Commanded RC Throttle is 1534.000000
Error z is 62.501279
Time is 10.046375
Commanded RC Throttle is 1534.000000
Error z is 57.612101
Time is 10.062874
Commanded RC Throttle is 1534.000000
Error z is 60.056690
Time is 10.080189
Commanded RC Throttle is 1534.000000
Error z is 41.722338
Time is 10.095986
Commanded RC Throttle is 1534.000000
Error z is 35.610873
Time is 10.111997
Commanded RC Throttle is 1525.000000
Error z is 31.943990
Time is 10.131427
Commanded RC Throttle is 1525.000000
Error z is 35.610873
Time is 10.148807
Commanded RC Throttle is 1525.000000
Error z is 34.388579
Time is 10.164653
Commanded RC Throttle is 1525.000000
Error z is 31.943990
Time is 10.180888
Commanded RC Throttle is 1525.000000
Error z is 8.720394
Time is 10.197759
Commanded RC Throttle is 1525.000000
Error z is 8.720394
Time is 10.214486
Commanded RC Throttle is 1525.000000
Error z is 8.720394
Time is 10.230099
Commanded RC Throttle is 1525.000000
Error z is 9.942688
Time is 10.246878
Commanded RC Throttle is 1525.000000
Error z is 8.720394
Time is 10.264093
Commanded RC Throttle is 1525.000000
Error z is 11.164983
Time is 10.279777
Commanded RC Throttle is 1525.000000
Error z is -16.947726
Time is 10.295307
Commanded RC Throttle is 1525.000000
Error z is -16.947717
Time is 10.311295
Commanded RC Throttle is 1525.000000
Error z is -16.947717
Time is 10.328892
Commanded RC Throttle is 1513.000000
Error z is -18.170012
Time is 10.348022
Commanded RC Throttle is 1513.000000
Error z is -21.836896
Time is 10.364035
Commanded RC Throttle is 1513.000000
Error z is -26.726074
Time is 10.381760
Commanded RC Throttle is 1513.000000
Error z is -43.838197
Time is 10.398611
Commanded RC Throttle is 1513.000000
Error z is -43.838197
Time is 10.415951
Commanded RC Throttle is 1513.000000
Error z is -42.615903
Time is 10.431982
Commanded RC Throttle is 1513.000000
Error z is -42.615903
Time is 10.449112
Commanded RC Throttle is 1513.000000
Error z is -43.838197
Time is 10.465116
Commanded RC Throttle is 1513.000000
Error z is -48.727351
Time is 10.481116
Commanded RC Throttle is 1513.000000
Error z is -69.506308
Time is 10.499001
Commanded RC Throttle is 1513.000000
Error z is -68.284014
Time is 10.514860
Commanded RC Throttle is 1513.000000
Error z is -68.284014
Time is 10.530703
Commanded RC Throttle is 1513.000000
Error z is -69.506308
Time is 10.546966
Commanded RC Throttle is 1513.000000
Error z is -69.506308
Time is 10.566530
Commanded RC Throttle is 1514.000000
Error z is -90.285315
Time is 10.584130
Commanded RC Throttle is 1514.000000
Error z is -98.841377
Time is 10.600132
Commanded RC Throttle is 1514.000000
Error z is -97.619082
Time is 10.617304
Commanded RC Throttle is 1514.000000
Error z is -96.396788
Time is 10.634254
Commanded RC Throttle is 1514.000000
Error z is -98.841377
Time is 10.649926
Commanded RC Throttle is 1514.000000
Error z is -92.729904
Time is 10.666102
Commanded RC Throttle is 1514.000000
Error z is -119.620376
Time is 10.683197
Commanded RC Throttle is 1514.000000
Error z is -124.509546
Time is 10.698849
Commanded RC Throttle is 1514.000000
Error z is -125.731832
Time is 10.714381
Commanded RC Throttle is 1514.000000
Error z is -122.064957
Time is 10.730353
Commanded RC Throttle is 1514.000000
Error z is -122.064973
Time is 10.747616
Commanded RC Throttle is 1514.000000
Error z is -124.509546
Time is 10.763807
Commanded RC Throttle is 1514.000000
Error z is -148.955379
Time is 10.782331
Commanded RC Throttle is 1506.000000
Error z is -153.844557
Time is 10.799819
Commanded RC Throttle is 1506.000000
Error z is -155.066851
Time is 10.817310
Commanded RC Throttle is 1506.000000
Error z is -153.844557
Time is 10.834551
Commanded RC Throttle is 1506.000000
Error z is -155.066851
Time is 10.850454
Commanded RC Throttle is 1506.000000
Error z is -155.066851
Time is 10.867692
Commanded RC Throttle is 1506.000000
Error z is -178.290439
Time is 10.883874
Commanded RC Throttle is 1506.000000
Error z is -178.290439
Time is 10.899768
Commanded RC Throttle is 1506.000000
Error z is -179.512725
Time is 10.916445
Commanded RC Throttle is 1506.000000
Error z is -179.512725
Time is 10.933205
Commanded RC Throttle is 1506.000000
Error z is -180.735012
Time is 10.948799
Commanded RC Throttle is 1506.000000
Error z is -175.845858
Time is 10.964894
Commanded RC Throttle is 1506.000000
Error z is -202.736264
Time is 10.982563
Commanded RC Throttle is 1506.000000
Error z is -197.847086
Time is 11.001296
Commanded RC Throttle is 1490.000000
Error z is -201.513970
Time is 11.019060
Commanded RC Throttle is 1490.000000
Error z is -200.291675
Time is 11.036095
Commanded RC Throttle is 1490.000000
Error z is -203.958559
Time is 11.052995
Commanded RC Throttle is 1490.000000
Error z is -200.291675
Time is 11.068696
Commanded RC Throttle is 1490.000000
Error z is -205.180853
Time is 11.084752
Commanded RC Throttle is 1490.000000
Error z is -201.513970
Time is 11.101929
Commanded RC Throttle is 1490.000000
Error z is -200.291675
Time is 11.117589
Commanded RC Throttle is 1490.000000
Error z is -200.291675
Time is 11.133175
Commanded RC Throttle is 1490.000000
Error z is -202.736264
Time is 11.149214
Commanded RC Throttle is 1490.000000
Error z is -211.292326
Time is 11.166464
Commanded RC Throttle is 1490.000000
Error z is -229.626744
Time is 11.182037
Commanded RC Throttle is 1490.000000
Error z is -229.626744
Time is 11.197805
Commanded RC Throttle is 1490.000000
Error z is -230.849038
Time is 11.216734
Commanded RC Throttle is 1494.000000
Error z is -229.626744
Time is 11.236951
Commanded RC Throttle is 1494.000000
Error z is -230.849038
Time is 11.252769
Commanded RC Throttle is 1494.000000
Error z is -230.849038
Time is 11.268696
Commanded RC Throttle is 1494.000000
Error z is -233.293627
Time is 11.286439
Commanded RC Throttle is 1494.000000
Error z is -233.293627
Time is 11.302207
Commanded RC Throttle is 1494.000000
Error z is -230.849038
Time is 11.318014
Commanded RC Throttle is 1494.000000
Error z is -230.849038
Time is 11.334884
Commanded RC Throttle is 1494.000000
Error z is -232.071333
Time is 11.351863
Commanded RC Throttle is 1494.000000
Error z is -232.071333
Time is 11.367629
Commanded RC Throttle is 1494.000000
Error z is -232.071333
Time is 11.383652
Commanded RC Throttle is 1494.000000
Error z is -232.071333
Time is 11.400916
Commanded RC Throttle is 1494.000000
Error z is -230.849038
Time is 11.416589
Commanded RC Throttle is 1494.000000
Error z is -229.626744
Time is 11.432591
Commanded RC Throttle is 1488.000000
Error z is -230.849038
Time is 11.451848
Commanded RC Throttle is 1488.000000
Error z is -233.293627
Time is 11.469844
Commanded RC Throttle is 1488.000000
Error z is -229.626744
Time is 11.485622
Commanded RC Throttle is 1488.000000
Error z is -232.071333
Time is 11.502868
Commanded RC Throttle is 1488.000000
Error z is -230.849038
Time is 11.520202
Commanded RC Throttle is 1488.000000
Error z is -230.849038
Time is 11.536183
Commanded RC Throttle is 1488.000000
Error z is -234.515922
Time is 11.551787
Commanded RC Throttle is 1488.000000
Error z is -203.958559
Time is 11.567604
Commanded RC Throttle is 1488.000000
Error z is -203.958559
Time is 11.584889
Commanded RC Throttle is 1488.000000
Error z is -201.513970
Time is 11.602447
Commanded RC Throttle is 1488.000000
Error z is -199.069380
Time is 11.618565
Commanded RC Throttle is 1488.000000
Error z is -199.069380
Time is 11.635810
Commanded RC Throttle is 1488.000000
Error z is -201.513970
Time is 11.653918
Commanded RC Throttle is 1490.000000
Error z is -199.069380
Time is 11.672818
Commanded RC Throttle is 1490.000000
Error z is -199.069380
Time is 11.688760
Commanded RC Throttle is 1490.000000
Error z is -191.735622
Time is 11.705990
Commanded RC Throttle is 1490.000000
Error z is -178.290423
Time is 11.721687
Commanded RC Throttle is 1490.000000
Error z is -178.290431
Time is 11.737506
Commanded RC Throttle is 1490.000000
Error z is -179.512725
Time is 11.754264
Commanded RC Throttle is 1490.000000
Error z is -178.290439
Time is 11.771072
Commanded RC Throttle is 1490.000000
Error z is -179.512725
Time is 11.786650
Commanded RC Throttle is 1490.000000
Error z is -179.512717
Time is 11.802986
Commanded RC Throttle is 1490.000000
Error z is -179.512725
Time is 11.820639
Commanded RC Throttle is 1490.000000
Error z is -180.735012
Time is 11.838091
Commanded RC Throttle is 1490.000000
Error z is -179.512717
Time is 11.853805
Commanded RC Throttle is 1490.000000
Error z is -179.512717
Time is 11.870606
Commanded RC Throttle is 1491.000000
Error z is -178.290431
Time is 11.891255
Commanded RC Throttle is 1491.000000
Error z is -158.733735
Time is 11.906987
Commanded RC Throttle is 1491.000000
Error z is -153.844557
Time is 11.923189
Commanded RC Throttle is 1491.000000
Error z is -153.844557
Time is 11.940454
Commanded RC Throttle is 1491.000000
Error z is -155.066851
Time is 11.957278
Commanded RC Throttle is 1491.000000
Error z is -153.844557
Time is 11.973006
Commanded RC Throttle is 1491.000000
Error z is -155.066851
Time is 11.988855
Commanded RC Throttle is 1491.000000
Error z is -152.622262
Time is 12.006274
Commanded RC Throttle is 1491.000000
Error z is -155.066851
Time is 12.021848
Commanded RC Throttle is 1491.000000
Error z is -153.844557
Time is 12.037511
Commanded RC Throttle is 1491.000000
Error z is -130.620985
Time is 12.054871
Commanded RC Throttle is 1491.000000
Error z is -129.398691
Time is 12.071786
Commanded RC Throttle is 1491.000000
Error z is -128.176405
Time is 12.088321
Commanded RC Throttle is 1496.000000
Error z is -124.509546
Time is 12.108179
Commanded RC Throttle is 1496.000000
Error z is -126.954110
Time is 12.125432
Commanded RC Throttle is 1496.000000
Error z is -124.509546
Time is 12.141084
Commanded RC Throttle is 1496.000000
Error z is -122.064973
Time is 12.156777
Commanded RC Throttle is 1496.000000
Error z is -123.287251
Time is 12.173950
Commanded RC Throttle is 1496.000000
Error z is -122.064965
Time is 12.191000
Commanded RC Throttle is 1496.000000
Error z is -98.841377
Time is 12.206576
Commanded RC Throttle is 1496.000000
Error z is -97.619082
Time is 12.223285
Commanded RC Throttle is 1496.000000
Error z is -98.841377
Time is 12.240558
Commanded RC Throttle is 1496.000000
Error z is -101.285966
Time is 12.260394
Commanded RC Throttle is 1496.000000
Error z is -100.063671
Time is 12.276160
Commanded RC Throttle is 1496.000000
Error z is -85.396137
Time is 12.292060
Commanded RC Throttle is 1496.000000
Error z is -67.061719
Time is 12.309994
Commanded RC Throttle is 1502.000000
Error z is -68.284014
Time is 12.329099
Commanded RC Throttle is 1502.000000
Error z is -69.506308
Time is 12.345075
Commanded RC Throttle is 1502.000000
Error z is -68.284014
Time is 12.362307
Commanded RC Throttle is 1502.000000
Error z is -68.284014
Time is 12.377960
Commanded RC Throttle is 1502.000000
Error z is -70.728603
Time is 12.393583
Commanded RC Throttle is 1502.000000
Error z is -68.284014
Time is 12.410951
Commanded RC Throttle is 1502.000000
Error z is -71.950897
Time is 12.428594
Commanded RC Throttle is 1502.000000
Error z is -51.171956
Time is 12.444220
Commanded RC Throttle is 1502.000000
Error z is -47.505081
Time is 12.460170
Commanded RC Throttle is 1502.000000
Error z is -48.727375
Time is 12.476862
Commanded RC Throttle is 1502.000000
Error z is -45.060492
Time is 12.493808
Commanded RC Throttle is 1502.000000
Error z is -46.282786
Time is 12.517021
Commanded RC Throttle is 1502.000000
Error z is -47.505081
Time is 12.535026
Commanded RC Throttle is 1516.000000
Error z is -47.505081
Time is 12.555102
Commanded RC Throttle is 1516.000000
Error z is -47.505081
Time is 12.570824
Commanded RC Throttle is 1516.000000
Error z is -31.615252
Time is 12.586622
Commanded RC Throttle is 1516.000000
Error z is -20.614601
Time is 12.604172
Commanded RC Throttle is 1516.000000
Error z is -23.059190
Time is 12.620451
Commanded RC Throttle is 1516.000000
Error z is -24.281485
Time is 12.636230
Commanded RC Throttle is 1516.000000
Error z is -27.948368
Time is 12.662682
Commanded RC Throttle is 1516.000000
Error z is -21.836896
Time is 12.679859
Commanded RC Throttle is 1516.000000
Error z is -21.836896
Time is 12.695547
Commanded RC Throttle is 1516.000000
Error z is -21.836896
Time is 12.711373
Commanded RC Throttle is 1516.000000
Error z is -16.947726
Time is 12.729210
Commanded RC Throttle is 1516.000000
Error z is 8.720394
Time is 12.745453
Commanded RC Throttle is 1510.000000
Error z is 6.275813
Time is 12.764969
Commanded RC Throttle is 1510.000000
Error z is 7.498099
Time is 12.782148
Commanded RC Throttle is 1510.000000
Error z is 9.942688
Time is 12.797918
Commanded RC Throttle is 1510.000000
Error z is 3.831216
Time is 12.815382
Commanded RC Throttle is 1510.000000
Error z is 20.943339
Time is 12.832434
Commanded RC Throttle is 1510.000000
Error z is 33.166284
Time is 12.850672
Commanded RC Throttle is 1510.000000
Error z is 33.166284
Time is 12.866238
Commanded RC Throttle is 1510.000000
Error z is 33.166284
Time is 12.882112
Commanded RC Throttle is 1510.000000
Error z is 31.943990
Time is 12.899377
Commanded RC Throttle is 1510.000000
Error z is 30.721695
Time is 12.915027
Commanded RC Throttle is 1510.000000
Error z is 38.055462
Time is 12.930621
Commanded RC Throttle is 1510.000000
Error z is 33.166284
Time is 12.946526
Commanded RC Throttle is 1510.000000
Error z is 31.943990
Time is 12.964217
Commanded RC Throttle is 1547.000000
Error z is 35.610873
Time is 12.983389
Commanded RC Throttle is 1547.000000
Error z is 30.721695
Time is 12.999366
Commanded RC Throttle is 1547.000000
Error z is 31.943990
Time is 13.016051
Commanded RC Throttle is 1547.000000
Error z is 34.388579
Time is 13.032888
Commanded RC Throttle is 1547.000000
Error z is 30.721695
Time is 13.048391
Commanded RC Throttle is 1547.000000
Error z is 33.166284
Time is 13.064774
Commanded RC Throttle is 1547.000000
Error z is 31.943990
Time is 13.082078
Commanded RC Throttle is 1547.000000
Error z is 33.166284
Time is 13.098017
Commanded RC Throttle is 1547.000000
Error z is 31.943990
Time is 13.113681
Commanded RC Throttle is 1547.000000
Error z is 34.388579
Time is 13.129476
Commanded RC Throttle is 1547.000000
Error z is 33.166284
Time is 13.147016
Commanded RC Throttle is 1547.000000
Error z is 33.166284
Time is 13.162733
Commanded RC Throttle is 1547.000000
Error z is 34.388579
Time is 13.178783
Commanded RC Throttle is 1547.000000
Error z is 33.166284
Time is 13.195940
Commanded RC Throttle is 1519.000000
Error z is 33.166284
Time is 13.215829
Commanded RC Throttle is 1519.000000
Error z is 30.721695
Time is 13.231498
Commanded RC Throttle is 1519.000000
Error z is 34.388579
Time is 13.247697
Commanded RC Throttle is 1519.000000
Error z is 33.166284
Time is 13.265101
Commanded RC Throttle is 1519.000000
Error z is 30.721695
Time is 13.280778
Commanded RC Throttle is 1519.000000
Error z is 31.943990
Time is 13.296372
Commanded RC Throttle is 1519.000000
Error z is 30.721695
Time is 13.313370
Commanded RC Throttle is 1519.000000
Error z is 31.943990
Time is 13.330405
Commanded RC Throttle is 1519.000000
Error z is 31.943990
Time is 13.346058
Commanded RC Throttle is 1519.000000
Error z is 30.721695
Time is 13.362054
Commanded RC Throttle is 1519.000000
Error z is 34.388579
Time is 13.379317
Commanded RC Throttle is 1519.000000
Error z is 31.943990
Time is 13.395028
Commanded RC Throttle is 1519.000000
Error z is 29.499401
Time is 13.411171
Commanded RC Throttle is 1519.000000
Error z is 34.388579
Time is 13.430442
Commanded RC Throttle is 1519.000000
Error z is 34.388579
Time is 13.447740
Commanded RC Throttle is 1519.000000
Error z is 30.721695
Time is 13.463357
Commanded RC Throttle is 1519.000000
Error z is 34.388579
Time is 13.479227
Commanded RC Throttle is 1519.000000
Error z is 35.610873
Time is 13.496678
Commanded RC Throttle is 1519.000000
Error z is 31.943990
Time is 13.513879
Commanded RC Throttle is 1519.000000
Error z is 30.721695
Time is 13.529684
Commanded RC Throttle is 1519.000000
Error z is 35.610873
Time is 13.546154
Commanded RC Throttle is 1519.000000
Error z is 31.943990
Time is 13.563520
Commanded RC Throttle is 1519.000000
Error z is 31.943990
Time is 13.579124
Commanded RC Throttle is 1519.000000
Error z is 29.499401
Time is 13.594739
Commanded RC Throttle is 1519.000000
Error z is 34.388579
Time is 13.613342
Commanded RC Throttle is 1519.000000
Error z is 31.943990
Time is 13.630991
Commanded RC Throttle is 1517.000000
Error z is 34.388579
Time is 13.649951
Commanded RC Throttle is 1517.000000
Error z is 35.610873
Time is 13.666009
Commanded RC Throttle is 1517.000000
Error z is 31.943990
Time is 13.683286
Commanded RC Throttle is 1517.000000
Error z is 34.388579
Time is 13.699103
Commanded RC Throttle is 1517.000000
Error z is 29.499401
Time is 13.714710
Commanded RC Throttle is 1517.000000
Error z is 29.499401
Time is 13.733913
Commanded RC Throttle is 1517.000000
Error z is 28.277106
Time is 13.751975
Commanded RC Throttle is 1517.000000
Error z is 31.943990
Time is 13.767835
Commanded RC Throttle is 1517.000000
Error z is 33.166284
Time is 13.783920
Commanded RC Throttle is 1517.000000
Error z is 33.166284
Time is 13.801206
Commanded RC Throttle is 1517.000000
Error z is 31.943990
Time is 13.817127
Commanded RC Throttle is 1517.000000
Error z is 30.721695
Time is 13.834661
Commanded RC Throttle is 1517.000000
Error z is 35.610873
Time is 13.851090
Commanded RC Throttle is 1519.000000
Error z is 29.499401
Time is 13.872086
Commanded RC Throttle is 1519.000000
Error z is 31.943990
Time is 13.887762
Commanded RC Throttle is 1519.000000
Error z is 31.943990
Time is 13.903759
Commanded RC Throttle is 1519.000000
Error z is 30.721695
Time is 13.920955
Commanded RC Throttle is 1519.000000
Error z is 30.721695
Time is 13.936540
Commanded RC Throttle is 1519.000000
Error z is 33.166284
Time is 13.952127
Commanded RC Throttle is 1519.000000
Error z is 29.499401
Time is 13.968154
Commanded RC Throttle is 1519.000000
Error z is 25.832517
Time is 13.985448
Commanded RC Throttle is 1519.000000
Error z is 30.721695
Time is 14.001155
Commanded RC Throttle is 1519.000000
Error z is 33.166284
Time is 14.018951
Commanded RC Throttle is 1519.000000
Error z is 30.721695
Time is 14.035887
Commanded RC Throttle is 1519.000000
Error z is 30.721695
Time is 14.053070
Commanded RC Throttle is 1519.000000
Error z is 33.166284
Time is 14.069211
Commanded RC Throttle is 1526.000000
Error z is 33.166284
Time is 14.088502
Commanded RC Throttle is 1526.000000
Error z is 30.721695
Time is 14.105780
Commanded RC Throttle is 1526.000000
Error z is 30.721695
Time is 14.121471
Commanded RC Throttle is 1526.000000
Error z is 30.721695
Time is 14.137047
Commanded RC Throttle is 1526.000000
Error z is 30.721695
Time is 14.153905
Commanded RC Throttle is 1526.000000
Error z is 31.943990
Time is 14.170831
Commanded RC Throttle is 1526.000000
Error z is 30.721695
Time is 14.186514
Commanded RC Throttle is 1526.000000
Error z is 33.166284
Time is 14.202481
Commanded RC Throttle is 1526.000000
Error z is 31.943990
Time is 14.219654
Commanded RC Throttle is 1526.000000
Error z is 27.054812
Time is 14.235408
Commanded RC Throttle is 1526.000000
Error z is 33.166284
Time is 14.250975
Commanded RC Throttle is 1526.000000
Error z is 28.277106
Time is 14.268217
Commanded RC Throttle is 1526.000000
Error z is 29.499401
Time is 14.285951
Commanded RC Throttle is 1523.000000
Error z is 35.610873
Time is 14.305248
Commanded RC Throttle is 1523.000000
Error z is 31.943990
Time is 14.321272
Commanded RC Throttle is 1523.000000
Error z is 33.166284
Time is 14.338085
Commanded RC Throttle is 1523.000000
Error z is 30.721695
Time is 14.355070
Commanded RC Throttle is 1523.000000
Error z is 34.388579
Time is 14.370676
Commanded RC Throttle is 1523.000000
Error z is 29.499401
Time is 14.386728
Commanded RC Throttle is 1523.000000
Error z is 31.943990
Time is 14.403864
Commanded RC Throttle is 1523.000000
Error z is 31.943990
Time is 14.419467
Commanded RC Throttle is 1523.000000
Error z is 30.721695
Time is 14.435110
Commanded RC Throttle is 1523.000000
Error z is 33.166284
Time is 14.451073
Commanded RC Throttle is 1523.000000
Error z is 31.943990
Time is 14.468840
Commanded RC Throttle is 1523.000000
Error z is 35.610873
Time is 14.484560
Commanded RC Throttle is 1523.000000
Error z is 34.388579
Time is 14.500684
Commanded RC Throttle is 1523.000000
Error z is 31.943990
Time is 14.518073
Commanded RC Throttle is 1520.000000
Error z is 34.388579
Time is 14.538088
Commanded RC Throttle is 1520.000000
Error z is 31.943990
Time is 14.553773
Commanded RC Throttle is 1520.000000
Error z is 30.721695
Time is 14.569904
Commanded RC Throttle is 1520.000000
Error z is 31.943990
Time is 14.587387
Commanded RC Throttle is 1520.000000
Error z is 34.388579
Time is 14.603129
Commanded RC Throttle is 1520.000000
Error z is 30.721695
Time is 14.619065
Commanded RC Throttle is 1520.000000
Error z is 34.388579
Time is 14.635827
Commanded RC Throttle is 1520.000000
Error z is 33.166284
Time is 14.652786
Commanded RC Throttle is 1520.000000
Error z is 31.943990
Time is 14.668837
Commanded RC Throttle is 1520.000000
Error z is 31.943990
Time is 14.685724
Commanded RC Throttle is 1520.000000
Error z is 30.721695
Time is 14.702752
Commanded RC Throttle is 1520.000000
Error z is 33.166284
Time is 14.718975
Commanded RC Throttle is 1520.000000
Error z is 29.499401
Time is 14.735860
Commanded RC Throttle is 1519.000000
Error z is 30.721695
Time is 14.755419
Commanded RC Throttle is 1519.000000
Error z is 34.388579
Time is 14.773126
Commanded RC Throttle is 1519.000000
Error z is 33.166284
Time is 14.788666
Commanded RC Throttle is 1519.000000
Error z is 31.943990
Time is 14.806784
Commanded RC Throttle is 1519.000000
Error z is 30.721695
Time is 14.824575
Commanded RC Throttle is 1519.000000
Error z is 35.610873
Time is 14.841912
Commanded RC Throttle is 1519.000000
Error z is 31.943990
Time is 14.857756
Commanded RC Throttle is 1519.000000
Error z is 28.277106
Time is 14.874951
Commanded RC Throttle is 1519.000000
Error z is 29.499401
Time is 14.891716
Commanded RC Throttle is 1519.000000
Error z is 31.943990
Time is 14.907657
Commanded RC Throttle is 1519.000000
Error z is 33.166284
Time is 14.923952
Commanded RC Throttle is 1519.000000
Error z is 33.166284
Time is 14.941499
Commanded RC Throttle is 1519.000000
Error z is 30.721695
Time is 14.960843
Commanded RC Throttle is 1517.000000
Error z is 35.610873
Time is 14.979006
Commanded RC Throttle is 1517.000000
Error z is 30.721695
Time is 14.995615
Commanded RC Throttle is 1517.000000
Error z is 31.943990
Time is 15.012720
Commanded RC Throttle is 1517.000000
Error z is 31.943990
Time is 15.028307
Commanded RC Throttle is 1517.000000
Error z is 29.499401
Time is 15.044306
Commanded RC Throttle is 1517.000000
Error z is 30.721695
Time is 15.061501
Commanded RC Throttle is 1517.000000
Error z is 33.166284
Time is 15.077141
Commanded RC Throttle is 1517.000000
Error z is 31.943990
Time is 15.092662
Commanded RC Throttle is 1517.000000
Error z is 30.721695
Time is 15.108598
Commanded RC Throttle is 1517.000000
Error z is 34.388579
Time is 15.125831
Commanded RC Throttle is 1517.000000
Error z is 30.721695
Time is 15.141463
Commanded RC Throttle is 1517.000000
Error z is 27.054812
Time is 15.157184
Commanded RC Throttle is 1517.000000
Error z is 31.943990
Time is 15.174013
Commanded RC Throttle is 1519.000000
Error z is 31.943990
Time is 15.194300
Commanded RC Throttle is 1519.000000
Error z is 30.721695
Time is 15.211535
Commanded RC Throttle is 1519.000000
Error z is 34.388579
Time is 15.227575
Commanded RC Throttle is 1519.000000
Error z is 30.721695
Time is 15.244832
Commanded RC Throttle is 1519.000000
Error z is 34.388579
Time is 15.260535
Commanded RC Throttle is 1519.000000
Error z is 34.388579
Time is 15.276223
Commanded RC Throttle is 1519.000000
Error z is 34.388579
Time is 15.292599
Commanded RC Throttle is 1519.000000
Error z is 31.943990
Time is 15.309532
Commanded RC Throttle is 1519.000000
Error z is 34.388579
Time is 15.325229
Commanded RC Throttle is 1519.000000
Error z is 33.166284
Time is 15.341112
Commanded RC Throttle is 1519.000000
Error z is 31.943990
Time is 15.358884
Commanded RC Throttle is 1519.000000
Error z is 35.610873
Time is 15.374502
Commanded RC Throttle is 1519.000000
Error z is 33.166284
Time is 15.390568
Commanded RC Throttle is 1524.000000
Error z is 33.166284
Time is 15.409783
Commanded RC Throttle is 1524.000000
Error z is 28.277106
Time is 15.427130
Commanded RC Throttle is 1524.000000
Error z is 33.166284
Time is 15.442849
Commanded RC Throttle is 1524.000000
Error z is 31.943990
Time is 15.458870
Commanded RC Throttle is 1524.000000
Error z is 31.943990
Time is 15.475715
Commanded RC Throttle is 1524.000000
Error z is 34.388579
Time is 15.492967
Commanded RC Throttle is 1524.000000
Error z is 31.943990
Time is 15.509858
Commanded RC Throttle is 1524.000000
Error z is 27.054812
Time is 15.526441
Commanded RC Throttle is 1524.000000
Error z is 31.943990
Time is 15.543655
Commanded RC Throttle is 1524.000000
Error z is 33.166284
Time is 15.559363
Commanded RC Throttle is 1524.000000
Error z is 34.388579
Time is 15.575080
Commanded RC Throttle is 1524.000000
Error z is 30.721695
Time is 15.591332
Commanded RC Throttle is 1524.000000
Error z is 29.499401
Time is 15.609032
Commanded RC Throttle is 1517.000000
Error z is 33.166284
Time is 15.628151
Commanded RC Throttle is 1517.000000
Error z is 33.166284
Time is 15.644601
Commanded RC Throttle is 1517.000000
Error z is 31.943990
Time is 15.661695
Commanded RC Throttle is 1517.000000
Error z is 30.721695
Time is 15.677259
Commanded RC Throttle is 1517.000000
Error z is 28.277106
Time is 15.692868
Commanded RC Throttle is 1517.000000
Error z is 30.721695
Time is 15.708866
Commanded RC Throttle is 1517.000000
Error z is 33.166284
Time is 15.726066
Commanded RC Throttle is 1517.000000
Error z is 29.499401
Time is 15.741712
Commanded RC Throttle is 1517.000000
Error z is 33.166284
Time is 15.758440
Commanded RC Throttle is 1517.000000
Error z is 31.943990
Time is 15.775228
Commanded RC Throttle is 1517.000000
Error z is 30.721695
Time is 15.792070
Commanded RC Throttle is 1517.000000
Error z is 33.166284
Time is 15.808169
Commanded RC Throttle is 1517.000000
Error z is 29.499401
Time is 15.824998
Commanded RC Throttle is 1517.000000
Error z is 31.943990
Time is 15.845364
Commanded RC Throttle is 1519.000000
Error z is 30.721695
Time is 15.862909
Commanded RC Throttle is 1519.000000
Error z is 31.943990
Time is 15.879735
Commanded RC Throttle is 1519.000000
Error z is 28.277106
Time is 15.896488
Commanded RC Throttle is 1519.000000
Error z is 11.164983
Time is 15.913200
Commanded RC Throttle is 1519.000000
Error z is 7.498099
Time is 15.929032
Commanded RC Throttle is 1519.000000
Error z is 5.053510
Time is 15.945179
Commanded RC Throttle is 1519.000000
Error z is 9.942688
Time is 15.962553
Commanded RC Throttle is 1519.000000
Error z is 9.942688
Time is 15.978166
Commanded RC Throttle is 1519.000000
Error z is 6.275805
Time is 15.993757
Commanded RC Throttle is 1519.000000
Error z is 9.942688
Time is 16.010835
Commanded RC Throttle is 1519.000000
Error z is 8.720394
Time is 16.028224
Commanded RC Throttle is 1519.000000
Error z is 6.275805
Time is 16.044322
Commanded RC Throttle is 1520.000000
Error z is 8.720394
Time is 16.064557
Commanded RC Throttle is 1520.000000
Error z is 7.498099
Time is 16.081612
Commanded RC Throttle is 1520.000000
Error z is 7.498099
Time is 16.097172
Commanded RC Throttle is 1520.000000
Error z is 9.942688
Time is 16.113629
Commanded RC Throttle is 1520.000000
Error z is 9.942688
Time is 16.129596
Commanded RC Throttle is 1520.000000
Error z is 5.053510
Time is 16.146823
Commanded RC Throttle is 1520.000000
Error z is 7.498099
Time is 16.162527
Commanded RC Throttle is 1520.000000
Error z is 7.498099
Time is 16.178274
Commanded RC Throttle is 1520.000000
Error z is 3.831216
Time is 16.194871
Commanded RC Throttle is 1520.000000
Error z is 7.498099
Time is 16.211809
Commanded RC Throttle is 1520.000000
Error z is 9.942688
Time is 16.227455
Commanded RC Throttle is 1520.000000
Error z is 9.942688
Time is 16.243560
Commanded RC Throttle is 1520.000000
Error z is 8.720394
Time is 16.261133
Commanded RC Throttle is 1520.000000
Error z is 6.275805
Time is 16.283953
Commanded RC Throttle is 1514.000000
Error z is 9.942688
Time is 16.302032
Commanded RC Throttle is 1514.000000
Error z is 6.275805
Time is 16.319844
Commanded RC Throttle is 1514.000000
Error z is 8.720394
Time is 16.335472
Commanded RC Throttle is 1514.000000
Error z is 7.498099
Time is 16.351034
Commanded RC Throttle is 1514.000000
Error z is 7.498099
Time is 16.366884
Commanded RC Throttle is 1514.000000
Error z is 7.498099
Time is 16.384297
Commanded RC Throttle is 1514.000000
Error z is 6.275805
Time is 16.399886
Commanded RC Throttle is 1514.000000
Error z is 9.942688
Time is 16.417332
Commanded RC Throttle is 1514.000000
Error z is 8.720394
Time is 16.434256
Commanded RC Throttle is 1514.000000
Error z is 7.498099
Time is 16.451462
Commanded RC Throttle is 1514.000000
Error z is 8.720394
Time is 16.467296
Commanded RC Throttle is 1514.000000
Error z is 6.275805
Time is 16.483462
Commanded RC Throttle is 1514.000000
Error z is 8.720394
Time is 16.502405
Commanded RC Throttle is 1516.000000
Error z is 3.831216
Time is 16.521112
Commanded RC Throttle is 1516.000000
Error z is 8.720394
Time is 16.536956
Commanded RC Throttle is 1516.000000
Error z is 6.275805
Time is 16.553399
Commanded RC Throttle is 1516.000000
Error z is 6.275805
Time is 16.570369
Commanded RC Throttle is 1516.000000
Error z is 3.831216
Time is 16.586182
Commanded RC Throttle is 1516.000000
Error z is 9.942688
Time is 16.602267
Commanded RC Throttle is 1516.000000
Error z is 3.831216
Time is 16.619559
Commanded RC Throttle is 1516.000000
Error z is 5.053510
Time is 16.635180
Commanded RC Throttle is 1516.000000
Error z is 7.498099
Time is 16.650745
Commanded RC Throttle is 1516.000000
Error z is 8.720394
Time is 16.666624
Commanded RC Throttle is 1516.000000
Error z is 6.275805
Time is 16.683991
Commanded RC Throttle is 1516.000000
Error z is 8.720394
Time is 16.699928
Commanded RC Throttle is 1516.000000
Error z is 2.608921
Time is 16.718779
Commanded RC Throttle is 1518.000000
Error z is 7.498099
Time is 16.736655
Commanded RC Throttle is 1518.000000
Error z is 8.720394
Time is 16.754116
Commanded RC Throttle is 1518.000000
Error z is 7.498099
Time is 16.769788
Commanded RC Throttle is 1518.000000
Error z is 8.720394
Time is 16.785718
Commanded RC Throttle is 1518.000000
Error z is 7.498099
Time is 16.803031
Commanded RC Throttle is 1518.000000
Error z is 6.275805
Time is 16.819643
Commanded RC Throttle is 1518.000000
Error z is 7.498099
Time is 16.836828
Commanded RC Throttle is 1518.000000
Error z is 6.275805
Time is 16.853868
Commanded RC Throttle is 1518.000000
Error z is 8.720394
Time is 16.870665
Commanded RC Throttle is 1518.000000
Error z is 7.498099
Time is 16.886657
Commanded RC Throttle is 1518.000000
Error z is 8.720394
Time is 16.902850
Commanded RC Throttle is 1518.000000
Error z is 9.942688
Time is 16.920585
Commanded RC Throttle is 1518.000000
Error z is 6.275805
Time is 16.939130
Commanded RC Throttle is 1514.000000
Error z is 8.720394
Time is 16.956667
Commanded RC Throttle is 1514.000000
Error z is 5.053510
Time is 16.973680
Commanded RC Throttle is 1514.000000
Error z is 6.275805
Time is 16.990594
Commanded RC Throttle is 1514.000000
Error z is 8.720394
Time is 17.006323
Commanded RC Throttle is 1514.000000
Error z is 7.498099
Time is 17.022695
Commanded RC Throttle is 1514.000000
Error z is 8.720394
Time is 17.040014
Commanded RC Throttle is 1514.000000
Error z is 8.720394
Time is 17.055682
Commanded RC Throttle is 1514.000000
Error z is 5.053510
Time is 17.071304
Commanded RC Throttle is 1514.000000
Error z is 9.942688
Time is 17.087198
Commanded RC Throttle is 1514.000000
Error z is 7.498099
Time is 17.104433
Commanded RC Throttle is 1514.000000
Error z is 5.053510
Time is 17.120075
Commanded RC Throttle is 1514.000000
Error z is 8.720394
Time is 17.136191
Commanded RC Throttle is 1514.000000
Error z is 8.720394
Time is 17.152522
Commanded RC Throttle is 1516.000000
Error z is 8.720394
Time is 17.173219
Commanded RC Throttle is 1516.000000
Error z is 7.498099
Time is 17.189062
Commanded RC Throttle is 1516.000000
Error z is 8.720394
Time is 17.205127
Commanded RC Throttle is 1516.000000
Error z is 5.053510
Time is 17.223678
Commanded RC Throttle is 1516.000000
Error z is 5.053510
Time is 17.239285
Commanded RC Throttle is 1516.000000
Error z is 7.498099
Time is 17.254853
Commanded RC Throttle is 1516.000000
Error z is 9.942688
Time is 17.270748
Commanded RC Throttle is 1516.000000
Error z is 9.942688
Time is 17.288003
Commanded RC Throttle is 1516.000000
Error z is 9.942688
Time is 17.303705
Commanded RC Throttle is 1516.000000
Error z is 7.498099
Time is 17.319598
Commanded RC Throttle is 1516.000000
Error z is 6.275805
Time is 17.336616
Commanded RC Throttle is 1516.000000
Error z is 5.053510
Time is 17.353696
Commanded RC Throttle is 1516.000000
Error z is 7.498099
Time is 17.369647
Commanded RC Throttle is 1521.000000
Error z is 3.831216
Time is 17.389137
Commanded RC Throttle is 1521.000000
Error z is 5.053510
Time is 17.406401
Commanded RC Throttle is 1521.000000
Error z is 8.720394
Time is 17.422205
Commanded RC Throttle is 1521.000000
Error z is 9.942688
Time is 17.438380
Commanded RC Throttle is 1521.000000
Error z is 7.498099
Time is 17.455511
Commanded RC Throttle is 1521.000000
Error z is 7.498099
Time is 17.472254
Commanded RC Throttle is 1521.000000
Error z is 8.720394
Time is 17.487853
Commanded RC Throttle is 1521.000000
Error z is 6.275805
Time is 17.504670
Commanded RC Throttle is 1521.000000
Error z is 8.720394
Time is 17.521972
Commanded RC Throttle is 1521.000000
Error z is 9.942688
Time is 17.537869
Commanded RC Throttle is 1521.000000
Error z is 6.275805
Time is 17.553568
Commanded RC Throttle is 1521.000000
Error z is 7.498099
Time is 17.569478
Commanded RC Throttle is 1521.000000
Error z is 2.608921
Time is 17.587258
Commanded RC Throttle is 1520.000000
Error z is 8.720394
Time is 17.606842
Commanded RC Throttle is 1520.000000
Error z is 6.275805
Time is 17.624378
Commanded RC Throttle is 1520.000000
Error z is 6.275805
Time is 17.642258
Commanded RC Throttle is 1520.000000
Error z is 6.275805
Time is 17.658056
Commanded RC Throttle is 1520.000000
Error z is 8.720394
Time is 17.673438
Commanded RC Throttle is 1520.000000
Error z is 5.053510
Time is 17.689462
Commanded RC Throttle is 1520.000000
Error z is 8.720394
Time is 17.706571
Commanded RC Throttle is 1520.000000
Error z is 8.720394
Time is 17.722212
Commanded RC Throttle is 1520.000000
Error z is 7.498099
Time is 17.738162
Commanded RC Throttle is 1520.000000
Error z is 8.720394
Time is 17.754783
Commanded RC Throttle is 1520.000000
Error z is 9.942688
Time is 17.771841
Commanded RC Throttle is 1520.000000
Error z is 8.720394
Time is 17.787418
Commanded RC Throttle is 1520.000000
Error z is 9.942688
Time is 17.803531
Commanded RC Throttle is 1520.000000
Error z is 8.720394
Time is 17.821957
Commanded RC Throttle is 1514.000000
Error z is 6.275805
Time is 17.840747
Commanded RC Throttle is 1514.000000
Error z is 5.053510
Time is 17.858148
Commanded RC Throttle is 1514.000000
Error z is 8.720394
Time is 17.875864
Commanded RC Throttle is 1514.000000
Error z is 8.720394
Time is 17.893533
Commanded RC Throttle is 1514.000000
Error z is 7.498099
Time is 17.909438
Commanded RC Throttle is 1514.000000
Error z is 7.498099
Time is 17.925444
Commanded RC Throttle is 1514.000000
Error z is 6.275805
Time is 17.942877
Commanded RC Throttle is 1514.000000
Error z is 9.942688
Time is 17.959366
Commanded RC Throttle is 1514.000000
Error z is 7.498099
Time is 17.974999
Commanded RC Throttle is 1514.000000
Error z is 6.275805
Time is 17.990866
Commanded RC Throttle is 1514.000000
Error z is 9.942688
Time is 18.008118
Commanded RC Throttle is 1514.000000
Error z is 3.831216
Time is 18.024175
Commanded RC Throttle is 1514.000000
Error z is 5.053510
Time is 18.043000
Commanded RC Throttle is 1517.000000
Error z is 7.498099
Time is 18.060401
Commanded RC Throttle is 1517.000000
Error z is 9.942688
Time is 18.077631
Commanded RC Throttle is 1517.000000
Error z is 8.720394
Time is 18.093271
Commanded RC Throttle is 1517.000000
Error z is 9.942688
Time is 18.109254
Commanded RC Throttle is 1517.000000
Error z is 7.498099
Time is 18.126424
Commanded RC Throttle is 1517.000000
Error z is 9.942688
Time is 18.142105
Commanded RC Throttle is 1517.000000
Error z is 6.275805
Time is 18.158363
Commanded RC Throttle is 1517.000000
Error z is 8.720394
Time is 18.175242
Commanded RC Throttle is 1517.000000
Error z is 7.498099
Time is 18.192233
Commanded RC Throttle is 1517.000000
Error z is 8.720394
Time is 18.207970
Commanded RC Throttle is 1517.000000
Error z is 7.498099
Time is 18.223888
Commanded RC Throttle is 1517.000000
Error z is 7.498099
Time is 18.241496
Commanded RC Throttle is 1517.000000
Error z is 8.720394
Time is 18.260379
Commanded RC Throttle is 1517.000000
Error z is 8.720394
Time is 18.278990
Commanded RC Throttle is 1517.000000
Error z is 9.942688
Time is 18.296312
Commanded RC Throttle is 1517.000000
Error z is 8.720394
Time is 18.313335
Commanded RC Throttle is 1517.000000
Error z is 6.275805
Time is 18.328997
Commanded RC Throttle is 1517.000000
Error z is 6.275805
Time is 18.345019
Commanded RC Throttle is 1517.000000
Error z is 7.498099
Time is 18.362207
Commanded RC Throttle is 1517.000000
Error z is 8.720394
Time is 18.377845
Commanded RC Throttle is 1517.000000
Error z is 7.498099
Time is 18.393411
Commanded RC Throttle is 1517.000000
Error z is 8.720394
Time is 18.409467
Commanded RC Throttle is 1517.000000
Error z is 8.720394
Time is 18.428090
Commanded RC Throttle is 1517.000000
Error z is 6.275805
Time is 18.443758
Commanded RC Throttle is 1517.000000
Error z is 9.942688
Time is 18.459680
Commanded RC Throttle is 1517.000000
Error z is 7.498099
Time is 18.476638
Commanded RC Throttle is 1517.000000
Error z is 7.498099
Time is 18.496631
Commanded RC Throttle is 1517.000000
Error z is 6.275805
Time is 18.514137
Commanded RC Throttle is 1517.000000
Error z is 8.720394
Time is 18.530371
Commanded RC Throttle is 1517.000000
Error z is 9.942688
Time is 18.547725
Commanded RC Throttle is 1517.000000
Error z is 7.498099
Time is 18.563359
Commanded RC Throttle is 1517.000000
Error z is 9.942688
Time is 18.579249
Commanded RC Throttle is 1517.000000
Error z is 7.498099
Time is 18.595937
Commanded RC Throttle is 1517.000000
Error z is 6.275805
Time is 18.612851
Commanded RC Throttle is 1517.000000
Error z is 7.498099
Time is 18.628442
Commanded RC Throttle is 1517.000000
Error z is 8.720394
Time is 18.644441
Commanded RC Throttle is 1517.000000
Error z is 8.720394
Time is 18.662182
Commanded RC Throttle is 1517.000000
Error z is 5.053510
Time is 18.678165
Commanded RC Throttle is 1517.000000
Error z is 8.720394
Time is 18.695221
Commanded RC Throttle is 1516.000000
Error z is 7.498099
Time is 18.714060
Commanded RC Throttle is 1516.000000
Error z is 7.498099
Time is 18.735338
Commanded RC Throttle is 1516.000000
Error z is 9.942688
Time is 18.751082
Commanded RC Throttle is 1516.000000
Error z is 6.275805
Time is 18.766866
Commanded RC Throttle is 1516.000000
Error z is 7.498099
Time is 18.784139
Commanded RC Throttle is 1516.000000
Error z is 5.053510
Time is 18.799806
Commanded RC Throttle is 1516.000000
Error z is 6.275805
Time is 18.817409
Commanded RC Throttle is 1516.000000
Error z is 3.831216
Time is 18.836378
Commanded RC Throttle is 1516.000000
Error z is 8.720394
Time is 18.853134
Commanded RC Throttle is 1516.000000
Error z is 6.275805
Time is 18.869185
Commanded RC Throttle is 1516.000000
Error z is 8.720394
Time is 18.885228
Commanded RC Throttle is 1516.000000
Error z is 3.831216
Time is 18.903083
Commanded RC Throttle is 1516.000000
Error z is 5.053510
Time is 18.921419
Commanded RC Throttle is 1519.000000
Error z is 7.498099
Time is 18.939411
Commanded RC Throttle is 1519.000000
Error z is 8.720394
Time is 18.956735
Commanded RC Throttle is 1519.000000
Error z is 6.275805
Time is 18.973615
Commanded RC Throttle is 1519.000000
Error z is 7.498099
Time is 18.989154
Commanded RC Throttle is 1519.000000
Error z is 5.053510
Time is 19.005058
Commanded RC Throttle is 1519.000000
Error z is 7.498099
Time is 19.022640
Commanded RC Throttle is 1519.000000
Error z is 8.720394
Time is 19.038435
Commanded RC Throttle is 1519.000000
Error z is 8.720394
Time is 19.054131
Commanded RC Throttle is 1519.000000
Error z is 8.720394
Time is 19.070656
Commanded RC Throttle is 1519.000000
Error z is 8.720394
Time is 19.088088
Commanded RC Throttle is 1519.000000
Error z is 8.720394
Time is 19.103778
Commanded RC Throttle is 1519.000000
Error z is 8.720394
Time is 19.119784
Commanded RC Throttle is 1519.000000
Error z is 8.720394
Time is 19.137235
Commanded RC Throttle is 1517.000000
Error z is 9.942688
Time is 19.157142
Commanded RC Throttle is 1517.000000
Error z is 8.720394
Time is 19.172867
Commanded RC Throttle is 1517.000000
Error z is 8.720394
Time is 19.188664
Commanded RC Throttle is 1517.000000
Error z is 7.498099
Time is 19.205905
Commanded RC Throttle is 1517.000000
Error z is 8.720394
Time is 19.221574
Commanded RC Throttle is 1517.000000
Error z is 3.831216
Time is 19.237333
Commanded RC Throttle is 1517.000000
Error z is 7.498099
Time is 19.254234
Commanded RC Throttle is 1517.000000
Error z is 5.053510
Time is 19.271027
Commanded RC Throttle is 1517.000000
Error z is 9.942688
Time is 19.286972
Commanded RC Throttle is 1517.000000
Error z is 7.498099
Time is 19.303027
Commanded RC Throttle is 1517.000000
Error z is 6.275805
Time is 19.320429
Commanded RC Throttle is 1517.000000
Error z is 8.720394
Time is 19.336227
Commanded RC Throttle is 1517.000000
Error z is 7.498099
Time is 19.352236
Commanded RC Throttle is 1518.000000
Error z is 7.498099
Time is 19.371527
Commanded RC Throttle is 1518.000000
Error z is 8.720394
Time is 19.388896
Commanded RC Throttle is 1518.000000
Error z is 9.942688
Time is 19.404624
Commanded RC Throttle is 1518.000000
Error z is 7.498099
Time is 19.420677
Commanded RC Throttle is 1518.000000
Error z is 8.720394
Time is 19.437912
Commanded RC Throttle is 1518.000000
Error z is 6.275805
Time is 19.454716
Commanded RC Throttle is 1518.000000
Error z is 8.720394
Time is 19.470288
Commanded RC Throttle is 1518.000000
Error z is 9.942688
Time is 19.486242
Commanded RC Throttle is 1518.000000
Error z is 8.720394
Time is 19.504465
Commanded RC Throttle is 1518.000000
Error z is 8.720394
Time is 19.520143
Commanded RC Throttle is 1518.000000
Error z is 8.720394
Time is 19.535871
Commanded RC Throttle is 1518.000000
Error z is 9.942688
Time is 19.551734
Commanded RC Throttle is 1518.000000
Error z is 7.498099
Time is 19.569396
Commanded RC Throttle is 1515.000000
Error z is 8.720394
Time is 19.588651
Commanded RC Throttle is 1515.000000
Error z is 8.720394
Time is 19.604707
Commanded RC Throttle is 1515.000000
Error z is 7.498099
Time is 19.624004
Commanded RC Throttle is 1515.000000
Error z is 8.720394
Time is 19.639729
Commanded RC Throttle is 1515.000000
Error z is 2.608921
Time is 19.655310
Commanded RC Throttle is 1515.000000
Error z is 7.498099
Time is 19.671221
Commanded RC Throttle is 1515.000000
Error z is 6.275805
Time is 19.688800
Commanded RC Throttle is 1515.000000
Error z is 8.720394
Time is 19.704578
Commanded RC Throttle is 1515.000000
Error z is 6.275805
Time is 19.720784
Commanded RC Throttle is 1515.000000
Error z is 6.275805
Time is 19.737735
Commanded RC Throttle is 1515.000000
Error z is 8.720394
Time is 19.754760
Commanded RC Throttle is 1515.000000
Error z is 8.720394
Time is 19.770375
Commanded RC Throttle is 1515.000000
Error z is 7.498099
Time is 19.786436
Commanded RC Throttle is 1515.000000
Error z is 5.053510
Time is 19.806049
Commanded RC Throttle is 1516.000000
Error z is 28.277106
Time is 19.823771
Commanded RC Throttle is 1516.000000
Error z is 33.166284
Time is 19.841391
Commanded RC Throttle is 1516.000000
Error z is 29.499401
Time is 19.859203
Commanded RC Throttle is 1516.000000
Error z is 34.388579
Time is 19.878375
Commanded RC Throttle is 1516.000000
Error z is 30.721695
Time is 19.894621
Commanded RC Throttle is 1516.000000
Error z is 29.499401
Time is 19.910583
Commanded RC Throttle is 1516.000000
Error z is 30.721695
Time is 19.927930
Commanded RC Throttle is 1516.000000
Error z is 30.721695
Time is 19.943614
Commanded RC Throttle is 1516.000000
Error z is 31.943990
Time is 19.959513
Commanded RC Throttle is 1516.000000
Error z is 31.943990
Time is 19.976693
Commanded RC Throttle is 1516.000000
Error z is 29.499401
Time is 19.993644
Commanded RC Throttle is 1516.000000
Error z is 33.166284
Time is 20.009911
Commanded RC Throttle is 1516.000000
Error z is 35.610873
Time is 20.031809
Commanded RC Throttle is 1516.000000
Error z is 29.499401
Time is 20.049185
Commanded RC Throttle is 1516.000000
Error z is 51.500645
Time is 20.064774
Commanded RC Throttle is 1516.000000
Error z is 57.612101
Time is 20.081218
Commanded RC Throttle is 1516.000000
Error z is 58.834396
Time is 20.098234
Commanded RC Throttle is 1516.000000
Error z is 61.278985
Time is 20.115134
Commanded RC Throttle is 1516.000000
Error z is 60.056690
Time is 20.130725
Commanded RC Throttle is 1516.000000
Error z is 57.612101
Time is 20.146628
Commanded RC Throttle is 1516.000000
Error z is 57.612101
Time is 20.163654
Commanded RC Throttle is 1516.000000
Error z is 60.056690
Time is 20.179214
Commanded RC Throttle is 1516.000000
Error z is 56.389823
Time is 20.194745
Commanded RC Throttle is 1516.000000
Error z is 77.168813
Time is 20.210616
Commanded RC Throttle is 1516.000000
Error z is 85.724875
Time is 20.228618
Commanded RC Throttle is 1524.000000
Error z is 86.947170
Time is 20.247633
Commanded RC Throttle is 1524.000000
Error z is 85.724875
Time is 20.263926
Commanded RC Throttle is 1524.000000
Error z is 84.502581
Time is 20.281719
Commanded RC Throttle is 1524.000000
Error z is 85.724875
Time is 20.301433
Commanded RC Throttle is 1524.000000
Error z is 85.724875
Time is 20.317452
Commanded RC Throttle is 1524.000000
Error z is 85.724875
Time is 20.334397
Commanded RC Throttle is 1524.000000
Error z is 89.391751
Time is 20.351546
Commanded RC Throttle is 1524.000000
Error z is 113.837575
Time is 20.367293
Commanded RC Throttle is 1524.000000
Error z is 112.615281
Time is 20.383460
Commanded RC Throttle is 1524.000000
Error z is 111.392986
Time is 20.400569
Commanded RC Throttle is 1524.000000
Error z is 110.170692
Time is 20.416221
Commanded RC Throttle is 1524.000000
Error z is 108.948397
Time is 20.431889
Commanded RC Throttle is 1524.000000
Error z is 115.059870
Time is 20.448123
Commanded RC Throttle is 1524.000000
Error z is 135.838877
Time is 20.467637
Commanded RC Throttle is 1530.000000
Error z is 133.394288
Time is 20.485253
Commanded RC Throttle is 1530.000000
Error z is 133.394288
Time is 20.501290
Commanded RC Throttle is 1530.000000
Error z is 137.061171
Time is 20.519359
Commanded RC Throttle is 1530.000000
Error z is 138.283466
Time is 20.534986
Commanded RC Throttle is 1530.000000
Error z is 149.284117
Time is 20.550409
Commanded RC Throttle is 1530.000000
Error z is 163.951651
Time is 20.566381
Commanded RC Throttle is 1530.000000
Error z is 162.729356
Time is 20.583530
Commanded RC Throttle is 1530.000000
Error z is 171.285377
Time is 20.599675
Commanded RC Throttle is 1530.000000
Error z is 189.619762
Time is 20.615718
Commanded RC Throttle is 1530.000000
Error z is 185.952879
Time is 20.631686
Commanded RC Throttle is 1530.000000
Error z is 189.619762
Time is 20.648931
Commanded RC Throttle is 1530.000000
Error z is 189.619762
Time is 20.665275
Commanded RC Throttle is 1537.000000
Error z is 189.619762
Time is 20.685152
Commanded RC Throttle is 1537.000000
Error z is 214.065653
Time is 20.702587
Commanded RC Throttle is 1537.000000
Error z is 214.065653
Time is 20.718673
Commanded RC Throttle is 1537.000000
Error z is 210.398769
Time is 20.734650
Commanded RC Throttle is 1537.000000
Error z is 239.733764
Time is 20.750518
Commanded RC Throttle is 1537.000000
Error z is 245.845237
Time is 20.767919
Commanded RC Throttle is 1537.000000
Error z is 240.956059
Time is 20.783539
Commanded RC Throttle is 1537.000000
Error z is 265.401949
Time is 20.799398
Commanded RC Throttle is 1537.000000
Error z is 271.513422
Time is 20.818043
Commanded RC Throttle is 1537.000000
Error z is 269.068833
Time is 20.836515
Commanded RC Throttle is 1537.000000
Error z is 293.514649
Time is 20.852352
Commanded RC Throttle is 1537.000000
Error z is 293.514649
Time is 20.868221
Commanded RC Throttle is 1537.000000
Error z is 294.736944
Time is 20.886018
Commanded RC Throttle is 1540.000000
Error z is 326.516602
Time is 20.905232
Commanded RC Throttle is 1540.000000
Error z is 322.849718
Time is 20.921298
Commanded RC Throttle is 1540.000000
Error z is 330.183477
Time is 20.937982
Commanded RC Throttle is 1540.000000
Error z is 344.850946
Time is 20.955842
Commanded RC Throttle is 1540.000000
Error z is 343.628651
Time is 20.972162
Commanded RC Throttle is 1540.000000
Error z is 357.073891
Time is 20.988187
Commanded RC Throttle is 1540.000000
Error z is 376.630595
Time is 21.005404
Commanded RC Throttle is 1540.000000
Error z is 371.741421
Time is 21.021003
Commanded RC Throttle is 1540.000000
Error z is 385.186645
Time is 21.036773
Commanded RC Throttle is 1540.000000
Error z is 405.965635
Time is 21.053616
Commanded RC Throttle is 1540.000000
Error z is 409.632506
Time is 21.070658
Commanded RC Throttle is 1540.000000
Error z is 413.299386
Time is 21.086294
Commanded RC Throttle is 1540.000000
Error z is 434.078352
Time is 21.103101
Commanded RC Throttle is 1540.000000
Error z is 432.856061
Time is 21.121596
Commanded RC Throttle is 1552.000000
Error z is 453.635044
Time is 21.140258
Commanded RC Throttle is 1552.000000
Error z is 482.970080
Time is 21.155904
Commanded RC Throttle is 1552.000000
Error z is 481.747785
Time is 21.172749
Commanded RC Throttle is 1552.000000
Error z is 504.971352
Time is 21.189729
Commanded RC Throttle is 1552.000000
Error z is 512.305111
Time is 21.205364
Commanded RC Throttle is 1552.000000
Error z is 509.860522
Time is 21.223062
Commanded RC Throttle is 1552.000000
Error z is 536.750969
Time is 21.240471
Commanded RC Throttle is 1552.000000
Error z is 568.530586
Time is 21.256280
Commanded RC Throttle is 1552.000000
Error z is 564.863702
Time is 21.271909
Commanded RC Throttle is 1552.000000
Error z is 584.420398
Time is 21.288177
Commanded RC Throttle is 1552.000000
Error z is 590.531867
Time is 21.305552
Commanded RC Throttle is 1552.000000
Error z is 592.976443
Time is 21.321768
Commanded RC Throttle is 1552.000000
Error z is 611.310833
Time is 21.340750
Commanded RC Throttle is 1568.000000
Error z is 616.199998
Time is 21.358327
Commanded RC Throttle is 1568.000000
Error z is 618.644596
Time is 21.375574
Commanded RC Throttle is 1568.000000
Error z is 647.979619
Time is 21.391218
Commanded RC Throttle is 1568.000000
Error z is 645.535038
Time is 21.407182
Commanded RC Throttle is 1568.000000
Error z is 646.757333
Time is 21.424539
Commanded RC Throttle is 1568.000000
Error z is 672.425477
Time is 21.440201
Commanded RC Throttle is 1568.000000
Error z is 694.426758
Time is 21.455914
Commanded RC Throttle is 1568.000000
Error z is 701.760519
Time is 21.472260
Commanded RC Throttle is 1568.000000
Error z is 718.872620
Time is 21.489384
Commanded RC Throttle is 1568.000000
Error z is 723.761790
Time is 21.505687
Commanded RC Throttle is 1568.000000
Error z is 723.761790
Time is 21.521763
Commanded RC Throttle is 1568.000000
Error z is 726.206375
Time is 21.539644
Commanded RC Throttle is 1568.000000
Error z is 723.761790
Time is 21.556501
Commanded RC Throttle is 1595.000000
Error z is 728.650960
Time is 21.575191
Commanded RC Throttle is 1595.000000
Error z is 746.985363
Time is 21.591238
Commanded RC Throttle is 1595.000000
Error z is 754.319120
Time is 21.608514
Commanded RC Throttle is 1595.000000
Error z is 757.985997
Time is 21.624141
Commanded RC Throttle is 1595.000000
Error z is 772.653507
Time is 21.640160
Commanded RC Throttle is 1595.000000
Error z is 772.653507
Time is 21.656902
Commanded RC Throttle is 1595.000000
Error z is 750.652243
Time is 21.673927
Commanded RC Throttle is 1595.000000
Error z is 750.652243
Time is 21.689674
Commanded RC Throttle is 1595.000000
Error z is 749.429946
Time is 21.705552
Commanded RC Throttle is 1595.000000
Error z is 750.652243
Time is 21.722847
Commanded RC Throttle is 1595.000000
Error z is 748.207658
Time is 21.738575
Commanded RC Throttle is 1595.000000
Error z is 749.429948
Time is 21.754261
Commanded RC Throttle is 1595.000000
Error z is 754.319120
Time is 21.770484
Commanded RC Throttle is 1602.000000
Error z is 751.874535
Time is 21.790939
Commanded RC Throttle is 1602.000000
Error z is 748.207658
Time is 21.806723
Commanded RC Throttle is 1602.000000
Error z is 750.652243
Time is 21.823028
Commanded RC Throttle is 1602.000000
Error z is 749.429950
Time is 21.841935
Commanded RC Throttle is 1602.000000
Error z is 750.652243
Time is 21.857703
Commanded RC Throttle is 1602.000000
Error z is 751.874535
Time is 21.873996
Commanded RC Throttle is 1602.000000
Error z is 751.874535
Time is 21.890073
Commanded RC Throttle is 1602.000000
Error z is 749.429950
Time is 21.907327
Commanded RC Throttle is 1602.000000
Error z is 751.874535
Time is 21.922863
Commanded RC Throttle is 1602.000000
Error z is 750.652243
Time is 21.939103
Commanded RC Throttle is 1602.000000
Error z is 751.874535
Time is 21.955957
Commanded RC Throttle is 1602.000000
Error z is 782.431855
Time is 21.972943
Commanded RC Throttle is 1602.000000
Error z is 795.877083
Time is 21.989032
Commanded RC Throttle is 1613.000000
Error z is 808.100007
Time is 22.008344
Commanded RC Throttle is 1613.000000
Error z is 822.767517
Time is 22.027256
Commanded RC Throttle is 1613.000000
Error z is 827.656687
Time is 22.042865
Commanded RC Throttle is 1613.000000
Error z is 826.434395
Time is 22.058697
Commanded RC Throttle is 1613.000000
Error z is 826.434395
Time is 22.075709
Commanded RC Throttle is 1613.000000
Error z is 827.656687
Time is 22.092711
Commanded RC Throttle is 1613.000000
Error z is 827.656687
Time is 22.108304
Commanded RC Throttle is 1613.000000
Error z is 830.101272
Time is 22.124388
Commanded RC Throttle is 1613.000000
Error z is 828.878980
Time is 22.141633
Commanded RC Throttle is 1613.000000
Error z is 825.212102
Time is 22.157285
Commanded RC Throttle is 1613.000000
Error z is 828.878980
Time is 22.173714
Commanded RC Throttle is 1613.000000
Error z is 825.212102
Time is 22.189759
Commanded RC Throttle is 1613.000000
Error z is 828.878980
Time is 22.207530
Commanded RC Throttle is 1628.000000
Error z is 826.434395
Time is 22.226574
Commanded RC Throttle is 1628.000000
Error z is 828.878980
Time is 22.242891
Commanded RC Throttle is 1628.000000
Error z is 827.656687
Time is 22.260233
Commanded RC Throttle is 1628.000000
Error z is 830.101272
Time is 22.275873
Commanded RC Throttle is 1628.000000
Error z is 828.878980
Time is 22.292561
Commanded RC Throttle is 1628.000000
Error z is 827.656687
Time is 22.308931
Commanded RC Throttle is 1628.000000
Error z is 832.545857
Time is 22.326321
Commanded RC Throttle is 1628.000000
Error z is 832.545857
Time is 22.342484
Commanded RC Throttle is 1628.000000
Error z is 827.656687
Time is 22.358584
Commanded RC Throttle is 1628.000000
Error z is 831.323564
Time is 22.375773
Commanded RC Throttle is 1628.000000
Error z is 828.878980
Time is 22.392866
Commanded RC Throttle is 1628.000000
Error z is 830.101272
Time is 22.408495
Commanded RC Throttle is 1628.000000
Error z is 830.101272
Time is 22.426196
Commanded RC Throttle is 1628.000000
Error z is 812.989175
Time is 22.445800
Commanded RC Throttle is 1617.000000
Error z is 751.874535
Time is 22.463313
Commanded RC Throttle is 1617.000000
Error z is 750.652243
Time is 22.479258
Commanded RC Throttle is 1617.000000
Error z is 753.096828
Time is 22.496012
Commanded RC Throttle is 1617.000000
Error z is 751.874535
Time is 22.512772
Commanded RC Throttle is 1617.000000
Error z is 755.541412
Time is 22.528338
Commanded RC Throttle is 1617.000000
Error z is 755.541412
Time is 22.544186
Commanded RC Throttle is 1617.000000
Error z is 784.876438
Time is 22.561645
Commanded RC Throttle is 1617.000000
Error z is 801.988545
Time is 22.577471
Commanded RC Throttle is 1617.000000
Error z is 806.877715
Time is 22.593243
Commanded RC Throttle is 1617.000000
Error z is 820.322932
Time is 22.609228
Commanded RC Throttle is 1617.000000
Error z is 832.545857
Time is 22.626482
Commanded RC Throttle is 1617.000000
Error z is 832.545857
Time is 22.642709
Commanded RC Throttle is 1617.000000
Error z is 826.434395
Time is 22.661433
Commanded RC Throttle is 1610.000000
Error z is 828.878980
Time is 22.679130
Commanded RC Throttle is 1610.000000
Error z is 831.323564
Time is 22.696366
Commanded RC Throttle is 1610.000000
Error z is 827.656687
Time is 22.711921
Commanded RC Throttle is 1610.000000
Error z is 828.878980
Time is 22.727904
Commanded RC Throttle is 1610.000000
Error z is 828.878980
Time is 22.745077
Commanded RC Throttle is 1610.000000
Error z is 826.434395
Time is 22.760864
Commanded RC Throttle is 1610.000000
Error z is 831.323564
Time is 22.776414
Commanded RC Throttle is 1610.000000
Error z is 825.212102
Time is 22.793077
Commanded RC Throttle is 1610.000000
Error z is 826.434395
Time is 22.810050
Commanded RC Throttle is 1610.000000
Error z is 828.878980
Time is 22.825755
Commanded RC Throttle is 1610.000000
Error z is 827.656688
Time is 22.843262
Commanded RC Throttle is 1610.000000
Error z is 827.656687
Time is 22.860732
Commanded RC Throttle is 1610.000000
Error z is 828.878980
Time is 22.878518
Commanded RC Throttle is 1613.000000
Error z is 823.989810
Time is 22.896112
Commanded RC Throttle is 1613.000000
Error z is 826.434395
Time is 22.912626
Commanded RC Throttle is 1613.000000
Error z is 825.212102
Time is 22.929560
Commanded RC Throttle is 1613.000000
Error z is 830.101272
Time is 22.945007
Commanded RC Throttle is 1613.000000
Error z is 827.656687
Time is 22.961316
Commanded RC Throttle is 1613.000000
Error z is 830.101272
Time is 22.979091
Commanded RC Throttle is 1613.000000
Error z is 828.878980
Time is 22.994720
Commanded RC Throttle is 1613.000000
Error z is 830.101272
Time is 23.010483
Commanded RC Throttle is 1613.000000
Error z is 828.878980
Time is 23.026582
Commanded RC Throttle is 1613.000000
Error z is 832.545857
Time is 23.043878
Commanded RC Throttle is 1613.000000
Error z is 831.323564
Time is 23.059494
Commanded RC Throttle is 1613.000000
Error z is 828.878980
Time is 23.075584
Commanded RC Throttle is 1613.000000
Error z is 827.656687
Time is 23.092078
Commanded RC Throttle is 1616.000000
Error z is 827.656687
Time is 23.112242
Commanded RC Throttle is 1616.000000
Error z is 826.434395
Time is 23.127889
Commanded RC Throttle is 1616.000000
Error z is 830.101272
Time is 23.143907
Commanded RC Throttle is 1616.000000
Error z is 830.101272
Time is 23.161168
Commanded RC Throttle is 1616.000000
Error z is 831.323564
Time is 23.176799
Commanded RC Throttle is 1616.000000
Error z is 831.323564
Time is 23.192351
Commanded RC Throttle is 1616.000000
Error z is 828.878980
Time is 23.208251
Commanded RC Throttle is 1616.000000
Error z is 828.878980
Time is 23.227117
Commanded RC Throttle is 1616.000000
Error z is 830.101272
Time is 23.243733
Commanded RC Throttle is 1616.000000
Error z is 828.878980
Time is 23.259764
Commanded RC Throttle is 1616.000000
Error z is 826.434395
Time is 23.276371
Commanded RC Throttle is 1616.000000
Error z is 831.323564
Time is 23.293228
Commanded RC Throttle is 1616.000000
Error z is 830.101273
Time is 23.309513
Commanded RC Throttle is 1614.000000
Error z is 830.101272
Time is 23.328855
Commanded RC Throttle is 1614.000000
Error z is 827.656687
Time is 23.346103
Commanded RC Throttle is 1614.000000
Error z is 830.101272
Time is 23.361704
Commanded RC Throttle is 1614.000000
Error z is 828.878980
Time is 23.377743
Commanded RC Throttle is 1614.000000
Error z is 828.878980
Time is 23.394663
Commanded RC Throttle is 1614.000000
Error z is 828.878980
Time is 23.411558
Commanded RC Throttle is 1614.000000
Error z is 827.656687
Time is 23.427239
Commanded RC Throttle is 1614.000000
Error z is 830.101273
Time is 23.443444
Commanded RC Throttle is 1614.000000
Error z is 826.434395
Time is 23.460476
Commanded RC Throttle is 1614.000000
Error z is 826.434395
Time is 23.476087
Commanded RC Throttle is 1614.000000
Error z is 832.545857
Time is 23.491667
Commanded RC Throttle is 1614.000000
Error z is 827.656687
Time is 23.508456
Commanded RC Throttle is 1614.000000
Error z is 830.101273
Time is 23.526244
Commanded RC Throttle is 1614.000000
Error z is 823.989810
Time is 23.545395
Commanded RC Throttle is 1614.000000
Error z is 827.656687
Time is 23.561453
Commanded RC Throttle is 1614.000000
Error z is 833.768149
Time is 23.578869
Commanded RC Throttle is 1614.000000
Error z is 832.545857
Time is 23.594543
Commanded RC Throttle is 1614.000000
Error z is 828.878980
Time is 23.610166
Commanded RC Throttle is 1614.000000
Error z is 828.878980
Time is 23.627801
Commanded RC Throttle is 1614.000000
Error z is 828.878980
Time is 23.645090
Commanded RC Throttle is 1614.000000
Error z is 830.101272
Time is 23.660791
Commanded RC Throttle is 1614.000000
Error z is 827.656687
Time is 23.676646
Commanded RC Throttle is 1614.000000
Error z is 828.878981
Time is 23.693699
Commanded RC Throttle is 1614.000000
Error z is 830.101272
Time is 23.710629
Commanded RC Throttle is 1614.000000
Error z is 830.101272
